{"to-xslt.xsl":{"path":"to-xslt.xsl","fnMap":{},"branchMap":{},"b":{},"f":{},"l":{},"statementMap":{"d7e1":{"start":{"line":1,"column":0},"end":{"line":1,"column":999}},"d7e2":{"start":{"line":2,"column":0},"end":{"line":2,"column":999}},"d7e3":{"start":{"line":3,"column":0},"end":{"line":3,"column":999}},"d7e4":{"start":{"line":4,"column":0},"end":{"line":4,"column":999}},"d7e5":{"start":{"line":5,"column":0},"end":{"line":5,"column":999}},"d7e6":{"start":{"line":6,"column":0},"end":{"line":6,"column":999}},"d7e7":{"start":{"line":7,"column":0},"end":{"line":7,"column":999}},"d7e8":{"start":{"line":8,"column":0},"end":{"line":8,"column":999}},"d7e9":{"start":{"line":8,"column":0},"end":{"line":8,"column":999}},"d7e10":{"start":{"line":9,"column":0},"end":{"line":9,"column":999}},"d7e11":{"start":{"line":10,"column":0},"end":{"line":10,"column":999}},"d7e12":{"start":{"line":10,"column":0},"end":{"line":10,"column":999}},"d7e13":{"start":{"line":11,"column":0},"end":{"line":11,"column":999}},"d7e14":{"start":{"line":12,"column":0},"end":{"line":12,"column":999}},"d7e15":{"start":{"line":13,"column":0},"end":{"line":13,"column":999}},"d7e16":{"start":{"line":14,"column":0},"end":{"line":14,"column":999}},"d7e17":{"start":{"line":15,"column":0},"end":{"line":15,"column":999}},"d7e18":{"start":{"line":16,"column":0},"end":{"line":16,"column":999}},"d7e19":{"start":{"line":17,"column":0},"end":{"line":17,"column":999}},"d7e20":{"start":{"line":18,"column":0},"end":{"line":18,"column":999}},"d7e21":{"start":{"line":19,"column":0},"end":{"line":19,"column":999}},"d7e22":{"start":{"line":19,"column":0},"end":{"line":19,"column":999}},"d7e23":{"start":{"line":20,"column":0},"end":{"line":20,"column":999}},"d7e24":{"start":{"line":21,"column":0},"end":{"line":21,"column":999}},"d7e25":{"start":{"line":21,"column":0},"end":{"line":21,"column":999}},"d7e26":{"start":{"line":21,"column":0},"end":{"line":21,"column":999}},"d7e27":{"start":{"line":22,"column":0},"end":{"line":22,"column":999}},"d7e28":{"start":{"line":23,"column":0},"end":{"line":23,"column":999}},"d7e29":{"start":{"line":23,"column":0},"end":{"line":23,"column":999}},"d7e30":{"start":{"line":23,"column":0},"end":{"line":23,"column":999}},"d7e31":{"start":{"line":24,"column":0},"end":{"line":24,"column":999}},"d7e32":{"start":{"line":25,"column":0},"end":{"line":25,"column":999}},"d7e33":{"start":{"line":25,"column":0},"end":{"line":25,"column":999}},"d7e34":{"start":{"line":25,"column":0},"end":{"line":25,"column":999}},"d7e35":{"start":{"line":26,"column":0},"end":{"line":26,"column":999}},"d7e36":{"start":{"line":26,"column":0},"end":{"line":26,"column":999}},"d7e37":{"start":{"line":26,"column":0},"end":{"line":26,"column":999}},"d7e38":{"start":{"line":26,"column":0},"end":{"line":26,"column":999}},"d7e39":{"start":{"line":26,"column":0},"end":{"line":26,"column":999}},"d7e40":{"start":{"line":27,"column":0},"end":{"line":27,"column":999}},"d7e41":{"start":{"line":27,"column":0},"end":{"line":27,"column":999}},"d7e42":{"start":{"line":27,"column":0},"end":{"line":27,"column":999}},"d7e43":{"start":{"line":28,"column":0},"end":{"line":28,"column":999}},"d7e44":{"start":{"line":28,"column":0},"end":{"line":28,"column":999}},"d7e45":{"start":{"line":28,"column":0},"end":{"line":28,"column":999}},"d7e46":{"start":{"line":29,"column":0},"end":{"line":29,"column":999}},"d7e47":{"start":{"line":30,"column":0},"end":{"line":30,"column":999}},"d7e48":{"start":{"line":30,"column":0},"end":{"line":30,"column":999}},"d7e49":{"start":{"line":30,"column":0},"end":{"line":30,"column":999}},"d7e50":{"start":{"line":31,"column":0},"end":{"line":31,"column":999}},"d7e51":{"start":{"line":31,"column":0},"end":{"line":31,"column":999}},"d7e52":{"start":{"line":31,"column":0},"end":{"line":31,"column":999}},"d7e53":{"start":{"line":32,"column":0},"end":{"line":32,"column":999}},"d7e54":{"start":{"line":32,"column":0},"end":{"line":32,"column":999}},"d7e55":{"start":{"line":32,"column":0},"end":{"line":32,"column":999}},"d7e56":{"start":{"line":33,"column":0},"end":{"line":33,"column":999}},"d7e57":{"start":{"line":33,"column":0},"end":{"line":33,"column":999}},"d7e58":{"start":{"line":33,"column":0},"end":{"line":33,"column":999}},"d7e59":{"start":{"line":34,"column":0},"end":{"line":34,"column":999}},"d7e60":{"start":{"line":34,"column":0},"end":{"line":34,"column":999}},"d7e61":{"start":{"line":34,"column":0},"end":{"line":34,"column":999}},"d7e62":{"start":{"line":35,"column":0},"end":{"line":35,"column":999}},"d7e63":{"start":{"line":35,"column":0},"end":{"line":35,"column":999}},"d7e64":{"start":{"line":35,"column":0},"end":{"line":35,"column":999}},"d7e65":{"start":{"line":36,"column":0},"end":{"line":36,"column":999}},"d7e66":{"start":{"line":36,"column":0},"end":{"line":36,"column":999}},"d7e67":{"start":{"line":36,"column":0},"end":{"line":36,"column":999}},"d7e68":{"start":{"line":37,"column":0},"end":{"line":37,"column":999}},"d7e69":{"start":{"line":38,"column":0},"end":{"line":38,"column":999}},"d7e70":{"start":{"line":38,"column":0},"end":{"line":38,"column":999}},"d7e71":{"start":{"line":38,"column":0},"end":{"line":38,"column":999}},"d7e72":{"start":{"line":39,"column":0},"end":{"line":39,"column":999}},"d7e73":{"start":{"line":40,"column":0},"end":{"line":40,"column":999}},"d7e74":{"start":{"line":41,"column":0},"end":{"line":41,"column":999}},"d7e75":{"start":{"line":42,"column":0},"end":{"line":42,"column":999}},"d7e76":{"start":{"line":43,"column":0},"end":{"line":43,"column":999}},"d7e77":{"start":{"line":44,"column":0},"end":{"line":44,"column":999}},"d7e78":{"start":{"line":45,"column":0},"end":{"line":45,"column":999}},"d7e79":{"start":{"line":46,"column":0},"end":{"line":46,"column":999}},"d7e80":{"start":{"line":47,"column":0},"end":{"line":47,"column":999}},"d7e81":{"start":{"line":48,"column":0},"end":{"line":48,"column":999}},"d7e82":{"start":{"line":49,"column":0},"end":{"line":49,"column":999}},"d7e83":{"start":{"line":50,"column":0},"end":{"line":50,"column":999}},"d7e84":{"start":{"line":50,"column":0},"end":{"line":50,"column":999}},"d7e85":{"start":{"line":50,"column":0},"end":{"line":50,"column":999}},"d7e86":{"start":{"line":51,"column":0},"end":{"line":51,"column":999}},"d7e87":{"start":{"line":51,"column":0},"end":{"line":51,"column":999}},"d7e88":{"start":{"line":51,"column":0},"end":{"line":51,"column":999}},"d7e89":{"start":{"line":52,"column":0},"end":{"line":52,"column":999}},"d7e90":{"start":{"line":52,"column":0},"end":{"line":52,"column":999}},"d7e91":{"start":{"line":52,"column":0},"end":{"line":52,"column":999}},"d7e92":{"start":{"line":52,"column":0},"end":{"line":52,"column":999}},"d7e93":{"start":{"line":52,"column":0},"end":{"line":52,"column":999}},"d7e94":{"start":{"line":53,"column":0},"end":{"line":53,"column":999}},"d7e95":{"start":{"line":53,"column":0},"end":{"line":53,"column":999}},"d7e96":{"start":{"line":53,"column":0},"end":{"line":53,"column":999}},"d7e97":{"start":{"line":53,"column":0},"end":{"line":53,"column":999}},"d7e98":{"start":{"line":53,"column":0},"end":{"line":53,"column":999}},"d7e99":{"start":{"line":54,"column":0},"end":{"line":54,"column":999}},"d7e100":{"start":{"line":54,"column":0},"end":{"line":54,"column":999}},"d7e101":{"start":{"line":54,"column":0},"end":{"line":54,"column":999}},"d7e102":{"start":{"line":54,"column":0},"end":{"line":54,"column":999}},"d7e103":{"start":{"line":54,"column":0},"end":{"line":54,"column":999}},"d7e104":{"start":{"line":55,"column":0},"end":{"line":55,"column":999}},"d7e105":{"start":{"line":55,"column":0},"end":{"line":55,"column":999}},"d7e106":{"start":{"line":55,"column":0},"end":{"line":55,"column":999}},"d7e107":{"start":{"line":55,"column":0},"end":{"line":55,"column":999}},"d7e108":{"start":{"line":55,"column":0},"end":{"line":55,"column":999}},"d7e109":{"start":{"line":56,"column":0},"end":{"line":56,"column":999}},"d7e110":{"start":{"line":56,"column":0},"end":{"line":56,"column":999}},"d7e111":{"start":{"line":56,"column":0},"end":{"line":56,"column":999}},"d7e112":{"start":{"line":56,"column":0},"end":{"line":56,"column":999}},"d7e113":{"start":{"line":56,"column":0},"end":{"line":56,"column":999}},"d7e114":{"start":{"line":57,"column":0},"end":{"line":57,"column":999}},"d7e115":{"start":{"line":57,"column":0},"end":{"line":57,"column":999}},"d7e116":{"start":{"line":57,"column":0},"end":{"line":57,"column":999}},"d7e117":{"start":{"line":57,"column":0},"end":{"line":57,"column":999}},"d7e118":{"start":{"line":57,"column":0},"end":{"line":57,"column":999}},"d7e119":{"start":{"line":58,"column":0},"end":{"line":58,"column":999}},"d7e120":{"start":{"line":58,"column":0},"end":{"line":58,"column":999}},"d7e121":{"start":{"line":58,"column":0},"end":{"line":58,"column":999}},"d7e122":{"start":{"line":58,"column":0},"end":{"line":58,"column":999}},"d7e123":{"start":{"line":58,"column":0},"end":{"line":58,"column":999}},"d7e124":{"start":{"line":59,"column":0},"end":{"line":59,"column":999}},"d7e125":{"start":{"line":59,"column":0},"end":{"line":59,"column":999}},"d7e126":{"start":{"line":59,"column":0},"end":{"line":59,"column":999}},"d7e127":{"start":{"line":60,"column":0},"end":{"line":60,"column":999}},"d7e128":{"start":{"line":60,"column":0},"end":{"line":60,"column":999}},"d7e129":{"start":{"line":60,"column":0},"end":{"line":60,"column":999}},"d7e130":{"start":{"line":61,"column":0},"end":{"line":61,"column":999}},"d7e131":{"start":{"line":62,"column":0},"end":{"line":62,"column":999}},"d7e132":{"start":{"line":62,"column":0},"end":{"line":62,"column":999}},"d7e133":{"start":{"line":62,"column":0},"end":{"line":62,"column":999}},"d7e134":{"start":{"line":63,"column":0},"end":{"line":63,"column":999}},"d7e135":{"start":{"line":63,"column":0},"end":{"line":63,"column":999}},"d7e136":{"start":{"line":63,"column":0},"end":{"line":63,"column":999}},"d7e137":{"start":{"line":64,"column":0},"end":{"line":64,"column":999}},"d7e138":{"start":{"line":65,"column":0},"end":{"line":65,"column":999}},"d7e139":{"start":{"line":65,"column":0},"end":{"line":65,"column":999}},"d7e140":{"start":{"line":65,"column":0},"end":{"line":65,"column":999}},"d7e141":{"start":{"line":66,"column":0},"end":{"line":66,"column":999}},"d7e142":{"start":{"line":66,"column":0},"end":{"line":66,"column":999}},"d7e143":{"start":{"line":66,"column":0},"end":{"line":66,"column":999}},"d7e144":{"start":{"line":67,"column":0},"end":{"line":67,"column":999}},"d7e145":{"start":{"line":68,"column":0},"end":{"line":68,"column":999}},"d7e146":{"start":{"line":68,"column":0},"end":{"line":68,"column":999}},"d7e147":{"start":{"line":68,"column":0},"end":{"line":68,"column":999}},"d7e148":{"start":{"line":68,"column":0},"end":{"line":68,"column":999}},"d7e149":{"start":{"line":68,"column":0},"end":{"line":68,"column":999}},"d7e150":{"start":{"line":69,"column":0},"end":{"line":69,"column":999}},"d7e151":{"start":{"line":69,"column":0},"end":{"line":69,"column":999}},"d7e152":{"start":{"line":69,"column":0},"end":{"line":69,"column":999}},"d7e153":{"start":{"line":70,"column":0},"end":{"line":70,"column":999}},"d7e154":{"start":{"line":70,"column":0},"end":{"line":70,"column":999}},"d7e155":{"start":{"line":70,"column":0},"end":{"line":70,"column":999}},"d7e156":{"start":{"line":71,"column":0},"end":{"line":71,"column":999}},"d7e157":{"start":{"line":71,"column":0},"end":{"line":71,"column":999}},"d7e158":{"start":{"line":71,"column":0},"end":{"line":71,"column":999}},"d7e159":{"start":{"line":72,"column":0},"end":{"line":72,"column":999}},"d7e160":{"start":{"line":72,"column":0},"end":{"line":72,"column":999}},"d7e161":{"start":{"line":72,"column":0},"end":{"line":72,"column":999}},"d7e162":{"start":{"line":73,"column":0},"end":{"line":73,"column":999}},"d7e163":{"start":{"line":73,"column":0},"end":{"line":73,"column":999}},"d7e164":{"start":{"line":73,"column":0},"end":{"line":73,"column":999}},"d7e165":{"start":{"line":74,"column":0},"end":{"line":74,"column":999}},"d7e166":{"start":{"line":74,"column":0},"end":{"line":74,"column":999}},"d7e167":{"start":{"line":74,"column":0},"end":{"line":74,"column":999}},"d7e168":{"start":{"line":75,"column":0},"end":{"line":75,"column":999}},"d7e169":{"start":{"line":75,"column":0},"end":{"line":75,"column":999}},"d7e170":{"start":{"line":75,"column":0},"end":{"line":75,"column":999}},"d7e171":{"start":{"line":76,"column":0},"end":{"line":76,"column":999}},"d7e172":{"start":{"line":77,"column":0},"end":{"line":77,"column":999}},"d7e173":{"start":{"line":77,"column":0},"end":{"line":77,"column":999}},"d7e174":{"start":{"line":77,"column":0},"end":{"line":77,"column":999}},"d7e175":{"start":{"line":77,"column":0},"end":{"line":77,"column":999}},"d7e176":{"start":{"line":77,"column":0},"end":{"line":77,"column":999}},"d7e177":{"start":{"line":78,"column":0},"end":{"line":78,"column":999}},"d7e178":{"start":{"line":78,"column":0},"end":{"line":78,"column":999}},"d7e179":{"start":{"line":78,"column":0},"end":{"line":78,"column":999}},"d7e180":{"start":{"line":78,"column":0},"end":{"line":78,"column":999}},"d7e181":{"start":{"line":78,"column":0},"end":{"line":78,"column":999}},"d7e182":{"start":{"line":78,"column":0},"end":{"line":78,"column":999}},"d7e183":{"start":{"line":78,"column":0},"end":{"line":78,"column":999}},"d7e184":{"start":{"line":79,"column":0},"end":{"line":79,"column":999}},"d7e185":{"start":{"line":79,"column":0},"end":{"line":79,"column":999}},"d7e186":{"start":{"line":79,"column":0},"end":{"line":79,"column":999}},"d7e187":{"start":{"line":79,"column":0},"end":{"line":79,"column":999}},"d7e188":{"start":{"line":79,"column":0},"end":{"line":79,"column":999}},"d7e189":{"start":{"line":79,"column":0},"end":{"line":79,"column":999}},"d7e190":{"start":{"line":79,"column":0},"end":{"line":79,"column":999}},"d7e191":{"start":{"line":80,"column":0},"end":{"line":80,"column":999}},"d7e192":{"start":{"line":80,"column":0},"end":{"line":80,"column":999}},"d7e193":{"start":{"line":80,"column":0},"end":{"line":80,"column":999}},"d7e194":{"start":{"line":80,"column":0},"end":{"line":80,"column":999}},"d7e195":{"start":{"line":80,"column":0},"end":{"line":80,"column":999}},"d7e196":{"start":{"line":80,"column":0},"end":{"line":80,"column":999}},"d7e197":{"start":{"line":80,"column":0},"end":{"line":80,"column":999}},"d7e198":{"start":{"line":81,"column":0},"end":{"line":81,"column":999}},"d7e199":{"start":{"line":81,"column":0},"end":{"line":81,"column":999}},"d7e200":{"start":{"line":81,"column":0},"end":{"line":81,"column":999}},"d7e201":{"start":{"line":81,"column":0},"end":{"line":81,"column":999}},"d7e202":{"start":{"line":81,"column":0},"end":{"line":81,"column":999}},"d7e203":{"start":{"line":81,"column":0},"end":{"line":81,"column":999}},"d7e204":{"start":{"line":81,"column":0},"end":{"line":81,"column":999}},"d7e205":{"start":{"line":82,"column":0},"end":{"line":82,"column":999}},"d7e206":{"start":{"line":82,"column":0},"end":{"line":82,"column":999}},"d7e207":{"start":{"line":82,"column":0},"end":{"line":82,"column":999}},"d7e208":{"start":{"line":82,"column":0},"end":{"line":82,"column":999}},"d7e209":{"start":{"line":82,"column":0},"end":{"line":82,"column":999}},"d7e210":{"start":{"line":82,"column":0},"end":{"line":82,"column":999}},"d7e211":{"start":{"line":82,"column":0},"end":{"line":82,"column":999}},"d7e212":{"start":{"line":83,"column":0},"end":{"line":83,"column":999}},"d7e213":{"start":{"line":83,"column":0},"end":{"line":83,"column":999}},"d7e214":{"start":{"line":83,"column":0},"end":{"line":83,"column":999}},"d7e215":{"start":{"line":83,"column":0},"end":{"line":83,"column":999}},"d7e216":{"start":{"line":83,"column":0},"end":{"line":83,"column":999}},"d7e217":{"start":{"line":83,"column":0},"end":{"line":83,"column":999}},"d7e218":{"start":{"line":83,"column":0},"end":{"line":83,"column":999}},"d7e219":{"start":{"line":84,"column":0},"end":{"line":84,"column":999}},"d7e220":{"start":{"line":84,"column":0},"end":{"line":84,"column":999}},"d7e221":{"start":{"line":84,"column":0},"end":{"line":84,"column":999}},"d7e222":{"start":{"line":84,"column":0},"end":{"line":84,"column":999}},"d7e223":{"start":{"line":84,"column":0},"end":{"line":84,"column":999}},"d7e224":{"start":{"line":84,"column":0},"end":{"line":84,"column":999}},"d7e225":{"start":{"line":84,"column":0},"end":{"line":84,"column":999}},"d7e226":{"start":{"line":85,"column":0},"end":{"line":85,"column":999}},"d7e227":{"start":{"line":85,"column":0},"end":{"line":85,"column":999}},"d7e228":{"start":{"line":85,"column":0},"end":{"line":85,"column":999}},"d7e229":{"start":{"line":85,"column":0},"end":{"line":85,"column":999}},"d7e230":{"start":{"line":85,"column":0},"end":{"line":85,"column":999}},"d7e231":{"start":{"line":85,"column":0},"end":{"line":85,"column":999}},"d7e232":{"start":{"line":85,"column":0},"end":{"line":85,"column":999}},"d7e233":{"start":{"line":86,"column":0},"end":{"line":86,"column":999}},"d7e234":{"start":{"line":87,"column":0},"end":{"line":87,"column":999}},"d7e235":{"start":{"line":87,"column":0},"end":{"line":87,"column":999}},"d7e236":{"start":{"line":87,"column":0},"end":{"line":87,"column":999}},"d7e237":{"start":{"line":88,"column":0},"end":{"line":88,"column":999}},"d7e238":{"start":{"line":88,"column":0},"end":{"line":88,"column":999}},"d7e239":{"start":{"line":88,"column":0},"end":{"line":88,"column":999}},"d7e240":{"start":{"line":89,"column":0},"end":{"line":89,"column":999}},"d7e241":{"start":{"line":90,"column":0},"end":{"line":90,"column":999}},"d7e242":{"start":{"line":90,"column":0},"end":{"line":90,"column":999}},"d7e243":{"start":{"line":90,"column":0},"end":{"line":90,"column":999}},"d7e244":{"start":{"line":91,"column":0},"end":{"line":91,"column":999}},"d7e245":{"start":{"line":91,"column":0},"end":{"line":91,"column":999}},"d7e246":{"start":{"line":91,"column":0},"end":{"line":91,"column":999}},"d7e247":{"start":{"line":92,"column":0},"end":{"line":92,"column":999}},"d7e248":{"start":{"line":92,"column":0},"end":{"line":92,"column":999}},"d7e249":{"start":{"line":92,"column":0},"end":{"line":92,"column":999}},"d7e250":{"start":{"line":93,"column":0},"end":{"line":93,"column":999}},"d7e251":{"start":{"line":93,"column":0},"end":{"line":93,"column":999}},"d7e252":{"start":{"line":93,"column":0},"end":{"line":93,"column":999}},"d7e253":{"start":{"line":94,"column":0},"end":{"line":94,"column":999}},"d7e254":{"start":{"line":95,"column":0},"end":{"line":95,"column":999}},"d7e255":{"start":{"line":95,"column":0},"end":{"line":95,"column":999}},"d7e256":{"start":{"line":95,"column":0},"end":{"line":95,"column":999}},"d7e257":{"start":{"line":96,"column":0},"end":{"line":96,"column":999}},"d7e258":{"start":{"line":96,"column":0},"end":{"line":96,"column":999}},"d7e259":{"start":{"line":96,"column":0},"end":{"line":96,"column":999}},"d7e260":{"start":{"line":97,"column":0},"end":{"line":97,"column":999}},"d7e261":{"start":{"line":97,"column":0},"end":{"line":97,"column":999}},"d7e262":{"start":{"line":97,"column":0},"end":{"line":97,"column":999}},"d7e263":{"start":{"line":98,"column":0},"end":{"line":98,"column":999}},"d7e264":{"start":{"line":98,"column":0},"end":{"line":98,"column":999}},"d7e265":{"start":{"line":98,"column":0},"end":{"line":98,"column":999}},"d7e266":{"start":{"line":99,"column":0},"end":{"line":99,"column":999}},"d7e267":{"start":{"line":99,"column":0},"end":{"line":99,"column":999}},"d7e268":{"start":{"line":99,"column":0},"end":{"line":99,"column":999}},"d7e269":{"start":{"line":100,"column":0},"end":{"line":100,"column":999}},"d7e270":{"start":{"line":100,"column":0},"end":{"line":100,"column":999}},"d7e271":{"start":{"line":100,"column":0},"end":{"line":100,"column":999}},"d7e272":{"start":{"line":100,"column":0},"end":{"line":100,"column":999}},"d7e273":{"start":{"line":100,"column":0},"end":{"line":100,"column":999}},"d7e274":{"start":{"line":101,"column":0},"end":{"line":101,"column":999}},"d7e275":{"start":{"line":101,"column":0},"end":{"line":101,"column":999}},"d7e276":{"start":{"line":101,"column":0},"end":{"line":101,"column":999}},"d7e277":{"start":{"line":102,"column":0},"end":{"line":102,"column":999}},"d7e278":{"start":{"line":102,"column":0},"end":{"line":102,"column":999}},"d7e279":{"start":{"line":102,"column":0},"end":{"line":102,"column":999}},"d7e280":{"start":{"line":103,"column":0},"end":{"line":103,"column":999}},"d7e281":{"start":{"line":103,"column":0},"end":{"line":103,"column":999}},"d7e282":{"start":{"line":103,"column":0},"end":{"line":103,"column":999}},"d7e283":{"start":{"line":104,"column":0},"end":{"line":104,"column":999}},"d7e284":{"start":{"line":104,"column":0},"end":{"line":104,"column":999}},"d7e285":{"start":{"line":104,"column":0},"end":{"line":104,"column":999}},"d7e286":{"start":{"line":105,"column":0},"end":{"line":105,"column":999}},"d7e287":{"start":{"line":105,"column":0},"end":{"line":105,"column":999}},"d7e288":{"start":{"line":105,"column":0},"end":{"line":105,"column":999}},"d7e289":{"start":{"line":106,"column":0},"end":{"line":106,"column":999}},"d7e290":{"start":{"line":106,"column":0},"end":{"line":106,"column":999}},"d7e291":{"start":{"line":106,"column":0},"end":{"line":106,"column":999}},"d7e292":{"start":{"line":107,"column":0},"end":{"line":107,"column":999}},"d7e293":{"start":{"line":108,"column":0},"end":{"line":108,"column":999}},"d7e294":{"start":{"line":108,"column":0},"end":{"line":108,"column":999}},"d7e295":{"start":{"line":108,"column":0},"end":{"line":108,"column":999}},"d7e296":{"start":{"line":109,"column":0},"end":{"line":109,"column":999}},"d7e297":{"start":{"line":109,"column":0},"end":{"line":109,"column":999}},"d7e298":{"start":{"line":109,"column":0},"end":{"line":109,"column":999}},"d7e299":{"start":{"line":110,"column":0},"end":{"line":110,"column":999}},"d7e300":{"start":{"line":110,"column":0},"end":{"line":110,"column":999}},"d7e301":{"start":{"line":110,"column":0},"end":{"line":110,"column":999}},"d7e302":{"start":{"line":111,"column":0},"end":{"line":111,"column":999}},"d7e303":{"start":{"line":111,"column":0},"end":{"line":111,"column":999}},"d7e304":{"start":{"line":111,"column":0},"end":{"line":111,"column":999}},"d7e305":{"start":{"line":111,"column":0},"end":{"line":111,"column":999}},"d7e306":{"start":{"line":111,"column":0},"end":{"line":111,"column":999}},"d7e307":{"start":{"line":112,"column":0},"end":{"line":112,"column":999}},"d7e308":{"start":{"line":112,"column":0},"end":{"line":112,"column":999}},"d7e309":{"start":{"line":112,"column":0},"end":{"line":112,"column":999}},"d7e310":{"start":{"line":113,"column":0},"end":{"line":113,"column":999}},"d7e311":{"start":{"line":113,"column":0},"end":{"line":113,"column":999}},"d7e312":{"start":{"line":113,"column":0},"end":{"line":113,"column":999}},"d7e313":{"start":{"line":114,"column":0},"end":{"line":114,"column":999}},"d7e314":{"start":{"line":114,"column":0},"end":{"line":114,"column":999}},"d7e315":{"start":{"line":114,"column":0},"end":{"line":114,"column":999}},"d7e316":{"start":{"line":115,"column":0},"end":{"line":115,"column":999}},"d7e317":{"start":{"line":115,"column":0},"end":{"line":115,"column":999}},"d7e318":{"start":{"line":115,"column":0},"end":{"line":115,"column":999}},"d7e319":{"start":{"line":115,"column":0},"end":{"line":115,"column":999}},"d7e320":{"start":{"line":115,"column":0},"end":{"line":115,"column":999}},"d7e321":{"start":{"line":116,"column":0},"end":{"line":116,"column":999}},"d7e322":{"start":{"line":116,"column":0},"end":{"line":116,"column":999}},"d7e323":{"start":{"line":116,"column":0},"end":{"line":116,"column":999}},"d7e324":{"start":{"line":117,"column":0},"end":{"line":117,"column":999}},"d7e325":{"start":{"line":117,"column":0},"end":{"line":117,"column":999}},"d7e326":{"start":{"line":117,"column":0},"end":{"line":117,"column":999}},"d7e327":{"start":{"line":118,"column":0},"end":{"line":118,"column":999}},"d7e328":{"start":{"line":118,"column":0},"end":{"line":118,"column":999}},"d7e329":{"start":{"line":118,"column":0},"end":{"line":118,"column":999}},"d7e330":{"start":{"line":118,"column":0},"end":{"line":118,"column":999}},"d7e331":{"start":{"line":118,"column":0},"end":{"line":118,"column":999}},"d7e332":{"start":{"line":119,"column":0},"end":{"line":119,"column":999}},"d7e333":{"start":{"line":119,"column":0},"end":{"line":119,"column":999}},"d7e334":{"start":{"line":119,"column":0},"end":{"line":119,"column":999}},"d7e335":{"start":{"line":120,"column":0},"end":{"line":120,"column":999}},"d7e336":{"start":{"line":120,"column":0},"end":{"line":120,"column":999}},"d7e337":{"start":{"line":120,"column":0},"end":{"line":120,"column":999}},"d7e338":{"start":{"line":121,"column":0},"end":{"line":121,"column":999}},"d7e339":{"start":{"line":121,"column":0},"end":{"line":121,"column":999}},"d7e340":{"start":{"line":121,"column":0},"end":{"line":121,"column":999}},"d7e341":{"start":{"line":122,"column":0},"end":{"line":122,"column":999}},"d7e342":{"start":{"line":122,"column":0},"end":{"line":122,"column":999}},"d7e343":{"start":{"line":122,"column":0},"end":{"line":122,"column":999}},"d7e344":{"start":{"line":122,"column":0},"end":{"line":122,"column":999}},"d7e345":{"start":{"line":122,"column":0},"end":{"line":122,"column":999}},"d7e346":{"start":{"line":123,"column":0},"end":{"line":123,"column":999}},"d7e347":{"start":{"line":123,"column":0},"end":{"line":123,"column":999}},"d7e348":{"start":{"line":123,"column":0},"end":{"line":123,"column":999}},"d7e349":{"start":{"line":124,"column":0},"end":{"line":124,"column":999}},"d7e350":{"start":{"line":124,"column":0},"end":{"line":124,"column":999}},"d7e351":{"start":{"line":124,"column":0},"end":{"line":124,"column":999}},"d7e352":{"start":{"line":125,"column":0},"end":{"line":125,"column":999}},"d7e353":{"start":{"line":125,"column":0},"end":{"line":125,"column":999}},"d7e354":{"start":{"line":125,"column":0},"end":{"line":125,"column":999}},"d7e355":{"start":{"line":126,"column":0},"end":{"line":126,"column":999}},"d7e356":{"start":{"line":126,"column":0},"end":{"line":126,"column":999}},"d7e357":{"start":{"line":126,"column":0},"end":{"line":126,"column":999}},"d7e358":{"start":{"line":127,"column":0},"end":{"line":127,"column":999}},"d7e359":{"start":{"line":128,"column":0},"end":{"line":128,"column":999}},"d7e360":{"start":{"line":128,"column":0},"end":{"line":128,"column":999}},"d7e361":{"start":{"line":128,"column":0},"end":{"line":128,"column":999}},"d7e362":{"start":{"line":129,"column":0},"end":{"line":129,"column":999}},"d7e363":{"start":{"line":130,"column":0},"end":{"line":130,"column":999}},"d7e364":{"start":{"line":130,"column":0},"end":{"line":130,"column":999}},"d7e365":{"start":{"line":130,"column":0},"end":{"line":130,"column":999}},"d7e366":{"start":{"line":131,"column":0},"end":{"line":131,"column":999}},"d7e367":{"start":{"line":131,"column":0},"end":{"line":131,"column":999}},"d7e368":{"start":{"line":131,"column":0},"end":{"line":131,"column":999}},"d7e369":{"start":{"line":132,"column":0},"end":{"line":132,"column":999}},"d7e370":{"start":{"line":132,"column":0},"end":{"line":132,"column":999}},"d7e371":{"start":{"line":132,"column":0},"end":{"line":132,"column":999}},"d7e372":{"start":{"line":133,"column":0},"end":{"line":133,"column":999}},"d7e373":{"start":{"line":133,"column":0},"end":{"line":133,"column":999}},"d7e374":{"start":{"line":133,"column":0},"end":{"line":133,"column":999}},"d7e375":{"start":{"line":133,"column":0},"end":{"line":133,"column":999}},"d7e376":{"start":{"line":133,"column":0},"end":{"line":133,"column":999}},"d7e377":{"start":{"line":134,"column":0},"end":{"line":134,"column":999}},"d7e378":{"start":{"line":134,"column":0},"end":{"line":134,"column":999}},"d7e379":{"start":{"line":134,"column":0},"end":{"line":134,"column":999}},"d7e380":{"start":{"line":134,"column":0},"end":{"line":134,"column":999}},"d7e381":{"start":{"line":134,"column":0},"end":{"line":134,"column":999}},"d7e382":{"start":{"line":135,"column":0},"end":{"line":135,"column":999}},"d7e383":{"start":{"line":135,"column":0},"end":{"line":135,"column":999}},"d7e384":{"start":{"line":135,"column":0},"end":{"line":135,"column":999}},"d7e385":{"start":{"line":136,"column":0},"end":{"line":136,"column":999}},"d7e386":{"start":{"line":136,"column":0},"end":{"line":136,"column":999}},"d7e387":{"start":{"line":136,"column":0},"end":{"line":136,"column":999}},"d7e388":{"start":{"line":137,"column":0},"end":{"line":137,"column":999}},"d7e389":{"start":{"line":137,"column":0},"end":{"line":137,"column":999}},"d7e390":{"start":{"line":137,"column":0},"end":{"line":137,"column":999}},"d7e391":{"start":{"line":138,"column":0},"end":{"line":138,"column":999}},"d7e392":{"start":{"line":138,"column":0},"end":{"line":138,"column":999}},"d7e393":{"start":{"line":138,"column":0},"end":{"line":138,"column":999}},"d7e394":{"start":{"line":138,"column":0},"end":{"line":138,"column":999}},"d7e395":{"start":{"line":138,"column":0},"end":{"line":138,"column":999}},"d7e396":{"start":{"line":139,"column":0},"end":{"line":139,"column":999}},"d7e397":{"start":{"line":139,"column":0},"end":{"line":139,"column":999}},"d7e398":{"start":{"line":139,"column":0},"end":{"line":139,"column":999}},"d7e399":{"start":{"line":140,"column":0},"end":{"line":140,"column":999}},"d7e400":{"start":{"line":140,"column":0},"end":{"line":140,"column":999}},"d7e401":{"start":{"line":140,"column":0},"end":{"line":140,"column":999}},"d7e402":{"start":{"line":141,"column":0},"end":{"line":141,"column":999}},"d7e403":{"start":{"line":141,"column":0},"end":{"line":141,"column":999}},"d7e404":{"start":{"line":141,"column":0},"end":{"line":141,"column":999}},"d7e405":{"start":{"line":142,"column":0},"end":{"line":142,"column":999}},"d7e406":{"start":{"line":142,"column":0},"end":{"line":142,"column":999}},"d7e407":{"start":{"line":142,"column":0},"end":{"line":142,"column":999}},"d7e408":{"start":{"line":143,"column":0},"end":{"line":143,"column":999}},"d7e409":{"start":{"line":143,"column":0},"end":{"line":143,"column":999}},"d7e410":{"start":{"line":143,"column":0},"end":{"line":143,"column":999}},"d7e411":{"start":{"line":144,"column":0},"end":{"line":144,"column":999}},"d7e412":{"start":{"line":144,"column":0},"end":{"line":144,"column":999}},"d7e413":{"start":{"line":144,"column":0},"end":{"line":144,"column":999}},"d7e414":{"start":{"line":145,"column":0},"end":{"line":145,"column":999}},"d7e415":{"start":{"line":145,"column":0},"end":{"line":145,"column":999}},"d7e416":{"start":{"line":145,"column":0},"end":{"line":145,"column":999}},"d7e417":{"start":{"line":146,"column":0},"end":{"line":146,"column":999}},"d7e418":{"start":{"line":146,"column":0},"end":{"line":146,"column":999}},"d7e419":{"start":{"line":146,"column":0},"end":{"line":146,"column":999}},"d7e420":{"start":{"line":147,"column":0},"end":{"line":147,"column":999}},"d7e421":{"start":{"line":147,"column":0},"end":{"line":147,"column":999}},"d7e422":{"start":{"line":147,"column":0},"end":{"line":147,"column":999}},"d7e423":{"start":{"line":148,"column":0},"end":{"line":148,"column":999}},"d7e424":{"start":{"line":148,"column":0},"end":{"line":148,"column":999}},"d7e425":{"start":{"line":148,"column":0},"end":{"line":148,"column":999}},"d7e426":{"start":{"line":149,"column":0},"end":{"line":149,"column":999}},"d7e427":{"start":{"line":149,"column":0},"end":{"line":149,"column":999}},"d7e428":{"start":{"line":149,"column":0},"end":{"line":149,"column":999}},"d7e429":{"start":{"line":150,"column":0},"end":{"line":150,"column":999}},"d7e430":{"start":{"line":151,"column":0},"end":{"line":151,"column":999}},"d7e431":{"start":{"line":151,"column":0},"end":{"line":151,"column":999}},"d7e432":{"start":{"line":151,"column":0},"end":{"line":151,"column":999}},"d7e433":{"start":{"line":152,"column":0},"end":{"line":152,"column":999}},"d7e434":{"start":{"line":153,"column":0},"end":{"line":153,"column":999}},"d7e435":{"start":{"line":153,"column":0},"end":{"line":153,"column":999}},"d7e436":{"start":{"line":153,"column":0},"end":{"line":153,"column":999}},"d7e437":{"start":{"line":154,"column":0},"end":{"line":154,"column":999}},"d7e438":{"start":{"line":154,"column":0},"end":{"line":154,"column":999}},"d7e439":{"start":{"line":154,"column":0},"end":{"line":154,"column":999}},"d7e440":{"start":{"line":155,"column":0},"end":{"line":155,"column":999}},"d7e441":{"start":{"line":156,"column":0},"end":{"line":156,"column":999}},"d7e442":{"start":{"line":156,"column":0},"end":{"line":156,"column":999}},"d7e443":{"start":{"line":156,"column":0},"end":{"line":156,"column":999}},"d7e444":{"start":{"line":157,"column":0},"end":{"line":157,"column":999}},"d7e445":{"start":{"line":157,"column":0},"end":{"line":157,"column":999}},"d7e446":{"start":{"line":157,"column":0},"end":{"line":157,"column":999}},"d7e447":{"start":{"line":158,"column":0},"end":{"line":158,"column":999}},"d7e448":{"start":{"line":159,"column":0},"end":{"line":159,"column":999}},"d7e449":{"start":{"line":159,"column":0},"end":{"line":159,"column":999}},"d7e450":{"start":{"line":159,"column":0},"end":{"line":159,"column":999}},"d7e451":{"start":{"line":160,"column":0},"end":{"line":160,"column":999}},"d7e452":{"start":{"line":160,"column":0},"end":{"line":160,"column":999}},"d7e453":{"start":{"line":160,"column":0},"end":{"line":160,"column":999}},"d7e454":{"start":{"line":161,"column":0},"end":{"line":161,"column":999}},"d7e455":{"start":{"line":162,"column":0},"end":{"line":162,"column":999}},"d7e456":{"start":{"line":162,"column":0},"end":{"line":162,"column":999}},"d7e457":{"start":{"line":163,"column":0},"end":{"line":163,"column":999}},"d7e458":{"start":{"line":164,"column":0},"end":{"line":164,"column":999}},"d7e459":{"start":{"line":165,"column":0},"end":{"line":165,"column":999}},"d7e460":{"start":{"line":166,"column":0},"end":{"line":166,"column":999}},"d7e461":{"start":{"line":167,"column":0},"end":{"line":167,"column":999}},"d7e462":{"start":{"line":168,"column":0},"end":{"line":168,"column":999}},"d7e463":{"start":{"line":169,"column":0},"end":{"line":169,"column":999}},"d7e464":{"start":{"line":170,"column":0},"end":{"line":170,"column":999}},"d7e465":{"start":{"line":171,"column":0},"end":{"line":171,"column":999}},"d7e466":{"start":{"line":172,"column":0},"end":{"line":172,"column":999}},"d7e467":{"start":{"line":172,"column":0},"end":{"line":172,"column":999}},"d7e468":{"start":{"line":173,"column":0},"end":{"line":173,"column":999}},"d7e469":{"start":{"line":174,"column":0},"end":{"line":174,"column":999}},"d7e470":{"start":{"line":174,"column":0},"end":{"line":174,"column":999}},"d7e471":{"start":{"line":174,"column":0},"end":{"line":174,"column":999}},"d7e472":{"start":{"line":175,"column":0},"end":{"line":175,"column":999}},"d7e473":{"start":{"line":175,"column":0},"end":{"line":175,"column":999}},"d7e474":{"start":{"line":175,"column":0},"end":{"line":175,"column":999}},"d7e475":{"start":{"line":176,"column":0},"end":{"line":176,"column":999}},"d7e476":{"start":{"line":177,"column":0},"end":{"line":177,"column":999}},"d7e477":{"start":{"line":177,"column":0},"end":{"line":177,"column":999}},"d7e478":{"start":{"line":177,"column":0},"end":{"line":177,"column":999}},"d7e479":{"start":{"line":178,"column":0},"end":{"line":178,"column":999}},"d7e480":{"start":{"line":178,"column":0},"end":{"line":178,"column":999}},"d7e481":{"start":{"line":178,"column":0},"end":{"line":178,"column":999}},"d7e482":{"start":{"line":179,"column":0},"end":{"line":179,"column":999}},"d7e483":{"start":{"line":179,"column":0},"end":{"line":179,"column":999}},"d7e484":{"start":{"line":179,"column":0},"end":{"line":179,"column":999}},"d7e485":{"start":{"line":180,"column":0},"end":{"line":180,"column":999}},"d7e486":{"start":{"line":180,"column":0},"end":{"line":180,"column":999}},"d7e487":{"start":{"line":180,"column":0},"end":{"line":180,"column":999}},"d7e488":{"start":{"line":181,"column":0},"end":{"line":181,"column":999}},"d7e489":{"start":{"line":181,"column":0},"end":{"line":181,"column":999}},"d7e490":{"start":{"line":181,"column":0},"end":{"line":181,"column":999}},"d7e491":{"start":{"line":182,"column":0},"end":{"line":182,"column":999}},"d7e492":{"start":{"line":182,"column":0},"end":{"line":182,"column":999}},"d7e493":{"start":{"line":182,"column":0},"end":{"line":182,"column":999}},"d7e494":{"start":{"line":183,"column":0},"end":{"line":183,"column":999}},"d7e495":{"start":{"line":183,"column":0},"end":{"line":183,"column":999}},"d7e496":{"start":{"line":183,"column":0},"end":{"line":183,"column":999}},"d7e497":{"start":{"line":184,"column":0},"end":{"line":184,"column":999}},"d7e498":{"start":{"line":184,"column":0},"end":{"line":184,"column":999}},"d7e499":{"start":{"line":184,"column":0},"end":{"line":184,"column":999}},"d7e500":{"start":{"line":184,"column":0},"end":{"line":184,"column":999}},"d7e501":{"start":{"line":184,"column":0},"end":{"line":184,"column":999}},"d7e502":{"start":{"line":185,"column":0},"end":{"line":185,"column":999}},"d7e503":{"start":{"line":186,"column":0},"end":{"line":186,"column":999}},"d7e504":{"start":{"line":186,"column":0},"end":{"line":186,"column":999}},"d7e505":{"start":{"line":186,"column":0},"end":{"line":186,"column":999}},"d7e506":{"start":{"line":187,"column":0},"end":{"line":187,"column":999}},"d7e507":{"start":{"line":187,"column":0},"end":{"line":187,"column":999}},"d7e508":{"start":{"line":187,"column":0},"end":{"line":187,"column":999}},"d7e509":{"start":{"line":188,"column":0},"end":{"line":188,"column":999}},"d7e510":{"start":{"line":188,"column":0},"end":{"line":188,"column":999}},"d7e511":{"start":{"line":188,"column":0},"end":{"line":188,"column":999}},"d7e512":{"start":{"line":188,"column":0},"end":{"line":188,"column":999}},"d7e513":{"start":{"line":188,"column":0},"end":{"line":188,"column":999}},"d7e514":{"start":{"line":189,"column":0},"end":{"line":189,"column":999}},"d7e515":{"start":{"line":189,"column":0},"end":{"line":189,"column":999}},"d7e516":{"start":{"line":189,"column":0},"end":{"line":189,"column":999}},"d7e517":{"start":{"line":190,"column":0},"end":{"line":190,"column":999}},"d7e518":{"start":{"line":190,"column":0},"end":{"line":190,"column":999}},"d7e519":{"start":{"line":190,"column":0},"end":{"line":190,"column":999}},"d7e520":{"start":{"line":191,"column":0},"end":{"line":191,"column":999}},"d7e521":{"start":{"line":191,"column":0},"end":{"line":191,"column":999}},"d7e522":{"start":{"line":191,"column":0},"end":{"line":191,"column":999}},"d7e523":{"start":{"line":192,"column":0},"end":{"line":192,"column":999}},"d7e524":{"start":{"line":193,"column":0},"end":{"line":193,"column":999}},"d7e525":{"start":{"line":193,"column":0},"end":{"line":193,"column":999}},"d7e526":{"start":{"line":193,"column":0},"end":{"line":193,"column":999}},"d7e527":{"start":{"line":193,"column":0},"end":{"line":193,"column":999}},"d7e528":{"start":{"line":193,"column":0},"end":{"line":193,"column":999}},"d7e529":{"start":{"line":194,"column":0},"end":{"line":194,"column":999}},"d7e530":{"start":{"line":194,"column":0},"end":{"line":194,"column":999}},"d7e531":{"start":{"line":194,"column":0},"end":{"line":194,"column":999}},"d7e532":{"start":{"line":195,"column":0},"end":{"line":195,"column":999}},"d7e533":{"start":{"line":195,"column":0},"end":{"line":195,"column":999}},"d7e534":{"start":{"line":195,"column":0},"end":{"line":195,"column":999}},"d7e535":{"start":{"line":196,"column":0},"end":{"line":196,"column":999}},"d7e536":{"start":{"line":196,"column":0},"end":{"line":196,"column":999}},"d7e537":{"start":{"line":196,"column":0},"end":{"line":196,"column":999}},"d7e538":{"start":{"line":196,"column":0},"end":{"line":196,"column":999}},"d7e539":{"start":{"line":196,"column":0},"end":{"line":196,"column":999}},"d7e540":{"start":{"line":197,"column":0},"end":{"line":197,"column":999}},"d7e541":{"start":{"line":197,"column":0},"end":{"line":197,"column":999}},"d7e542":{"start":{"line":197,"column":0},"end":{"line":197,"column":999}},"d7e543":{"start":{"line":198,"column":0},"end":{"line":198,"column":999}},"d7e544":{"start":{"line":198,"column":0},"end":{"line":198,"column":999}},"d7e545":{"start":{"line":198,"column":0},"end":{"line":198,"column":999}},"d7e546":{"start":{"line":199,"column":0},"end":{"line":199,"column":999}},"d7e547":{"start":{"line":199,"column":0},"end":{"line":199,"column":999}},"d7e548":{"start":{"line":199,"column":0},"end":{"line":199,"column":999}},"d7e549":{"start":{"line":200,"column":0},"end":{"line":200,"column":999}},"d7e550":{"start":{"line":200,"column":0},"end":{"line":200,"column":999}},"d7e551":{"start":{"line":200,"column":0},"end":{"line":200,"column":999}},"d7e552":{"start":{"line":201,"column":0},"end":{"line":201,"column":999}},"d7e553":{"start":{"line":202,"column":0},"end":{"line":202,"column":999}},"d7e554":{"start":{"line":202,"column":0},"end":{"line":202,"column":999}},"d7e555":{"start":{"line":202,"column":0},"end":{"line":202,"column":999}},"d7e556":{"start":{"line":203,"column":0},"end":{"line":203,"column":999}},"d7e557":{"start":{"line":203,"column":0},"end":{"line":203,"column":999}},"d7e558":{"start":{"line":203,"column":0},"end":{"line":203,"column":999}},"d7e559":{"start":{"line":204,"column":0},"end":{"line":204,"column":999}},"d7e560":{"start":{"line":204,"column":0},"end":{"line":204,"column":999}},"d7e561":{"start":{"line":204,"column":0},"end":{"line":204,"column":999}},"d7e562":{"start":{"line":205,"column":0},"end":{"line":205,"column":999}},"d7e563":{"start":{"line":205,"column":0},"end":{"line":205,"column":999}},"d7e564":{"start":{"line":205,"column":0},"end":{"line":205,"column":999}},"d7e565":{"start":{"line":205,"column":0},"end":{"line":205,"column":999}},"d7e566":{"start":{"line":205,"column":0},"end":{"line":205,"column":999}},"d7e567":{"start":{"line":206,"column":0},"end":{"line":206,"column":999}},"d7e568":{"start":{"line":206,"column":0},"end":{"line":206,"column":999}},"d7e569":{"start":{"line":206,"column":0},"end":{"line":206,"column":999}},"d7e570":{"start":{"line":206,"column":0},"end":{"line":206,"column":999}},"d7e571":{"start":{"line":206,"column":0},"end":{"line":206,"column":999}},"d7e572":{"start":{"line":207,"column":0},"end":{"line":207,"column":999}},"d7e573":{"start":{"line":207,"column":0},"end":{"line":207,"column":999}},"d7e574":{"start":{"line":207,"column":0},"end":{"line":207,"column":999}},"d7e575":{"start":{"line":208,"column":0},"end":{"line":208,"column":999}},"d7e576":{"start":{"line":208,"column":0},"end":{"line":208,"column":999}},"d7e577":{"start":{"line":208,"column":0},"end":{"line":208,"column":999}},"d7e578":{"start":{"line":209,"column":0},"end":{"line":209,"column":999}},"d7e579":{"start":{"line":209,"column":0},"end":{"line":209,"column":999}},"d7e580":{"start":{"line":209,"column":0},"end":{"line":209,"column":999}},"d7e581":{"start":{"line":210,"column":0},"end":{"line":210,"column":999}},"d7e582":{"start":{"line":210,"column":0},"end":{"line":210,"column":999}},"d7e583":{"start":{"line":210,"column":0},"end":{"line":210,"column":999}},"d7e584":{"start":{"line":211,"column":0},"end":{"line":211,"column":999}},"d7e585":{"start":{"line":211,"column":0},"end":{"line":211,"column":999}},"d7e586":{"start":{"line":211,"column":0},"end":{"line":211,"column":999}},"d7e587":{"start":{"line":212,"column":0},"end":{"line":212,"column":999}},"d7e588":{"start":{"line":212,"column":0},"end":{"line":212,"column":999}},"d7e589":{"start":{"line":212,"column":0},"end":{"line":212,"column":999}},"d7e590":{"start":{"line":213,"column":0},"end":{"line":213,"column":999}},"d7e591":{"start":{"line":213,"column":0},"end":{"line":213,"column":999}},"d7e592":{"start":{"line":213,"column":0},"end":{"line":213,"column":999}},"d7e593":{"start":{"line":214,"column":0},"end":{"line":214,"column":999}},"d7e594":{"start":{"line":214,"column":0},"end":{"line":214,"column":999}},"d7e595":{"start":{"line":214,"column":0},"end":{"line":214,"column":999}},"d7e596":{"start":{"line":215,"column":0},"end":{"line":215,"column":999}},"d7e597":{"start":{"line":215,"column":0},"end":{"line":215,"column":999}},"d7e598":{"start":{"line":215,"column":0},"end":{"line":215,"column":999}},"d7e599":{"start":{"line":216,"column":0},"end":{"line":216,"column":999}},"d7e600":{"start":{"line":216,"column":0},"end":{"line":216,"column":999}},"d7e601":{"start":{"line":216,"column":0},"end":{"line":216,"column":999}},"d7e602":{"start":{"line":217,"column":0},"end":{"line":217,"column":999}},"d7e603":{"start":{"line":217,"column":0},"end":{"line":217,"column":999}},"d7e604":{"start":{"line":217,"column":0},"end":{"line":217,"column":999}},"d7e605":{"start":{"line":218,"column":0},"end":{"line":218,"column":999}},"d7e606":{"start":{"line":218,"column":0},"end":{"line":218,"column":999}},"d7e607":{"start":{"line":218,"column":0},"end":{"line":218,"column":999}},"d7e608":{"start":{"line":219,"column":0},"end":{"line":219,"column":999}},"d7e609":{"start":{"line":220,"column":0},"end":{"line":220,"column":999}},"d7e610":{"start":{"line":220,"column":0},"end":{"line":220,"column":999}},"d7e611":{"start":{"line":220,"column":0},"end":{"line":220,"column":999}},"d7e612":{"start":{"line":221,"column":0},"end":{"line":221,"column":999}},"d7e613":{"start":{"line":221,"column":0},"end":{"line":221,"column":999}},"d7e614":{"start":{"line":221,"column":0},"end":{"line":221,"column":999}},"d7e615":{"start":{"line":222,"column":0},"end":{"line":222,"column":999}},"d7e616":{"start":{"line":222,"column":0},"end":{"line":222,"column":999}},"d7e617":{"start":{"line":222,"column":0},"end":{"line":222,"column":999}},"d7e618":{"start":{"line":223,"column":0},"end":{"line":223,"column":999}},"d7e619":{"start":{"line":223,"column":0},"end":{"line":223,"column":999}},"d7e620":{"start":{"line":223,"column":0},"end":{"line":223,"column":999}},"d7e621":{"start":{"line":224,"column":0},"end":{"line":224,"column":999}},"d7e622":{"start":{"line":224,"column":0},"end":{"line":224,"column":999}},"d7e623":{"start":{"line":224,"column":0},"end":{"line":224,"column":999}},"d7e624":{"start":{"line":225,"column":0},"end":{"line":225,"column":999}},"d7e625":{"start":{"line":225,"column":0},"end":{"line":225,"column":999}},"d7e626":{"start":{"line":225,"column":0},"end":{"line":225,"column":999}},"d7e627":{"start":{"line":226,"column":0},"end":{"line":226,"column":999}},"d7e628":{"start":{"line":226,"column":0},"end":{"line":226,"column":999}},"d7e629":{"start":{"line":226,"column":0},"end":{"line":226,"column":999}},"d7e630":{"start":{"line":227,"column":0},"end":{"line":227,"column":999}},"d7e631":{"start":{"line":227,"column":0},"end":{"line":227,"column":999}},"d7e632":{"start":{"line":227,"column":0},"end":{"line":227,"column":999}},"d7e633":{"start":{"line":228,"column":0},"end":{"line":228,"column":999}},"d7e634":{"start":{"line":228,"column":0},"end":{"line":228,"column":999}},"d7e635":{"start":{"line":228,"column":0},"end":{"line":228,"column":999}},"d7e636":{"start":{"line":229,"column":0},"end":{"line":229,"column":999}},"d7e637":{"start":{"line":229,"column":0},"end":{"line":229,"column":999}},"d7e638":{"start":{"line":229,"column":0},"end":{"line":229,"column":999}},"d7e639":{"start":{"line":230,"column":0},"end":{"line":230,"column":999}},"d7e640":{"start":{"line":230,"column":0},"end":{"line":230,"column":999}},"d7e641":{"start":{"line":230,"column":0},"end":{"line":230,"column":999}},"d7e642":{"start":{"line":231,"column":0},"end":{"line":231,"column":999}},"d7e643":{"start":{"line":231,"column":0},"end":{"line":231,"column":999}},"d7e644":{"start":{"line":231,"column":0},"end":{"line":231,"column":999}},"d7e645":{"start":{"line":232,"column":0},"end":{"line":232,"column":999}},"d7e646":{"start":{"line":233,"column":0},"end":{"line":233,"column":999}},"d7e647":{"start":{"line":233,"column":0},"end":{"line":233,"column":999}},"d7e648":{"start":{"line":233,"column":0},"end":{"line":233,"column":999}},"d7e649":{"start":{"line":234,"column":0},"end":{"line":234,"column":999}},"d7e650":{"start":{"line":234,"column":0},"end":{"line":234,"column":999}},"d7e651":{"start":{"line":234,"column":0},"end":{"line":234,"column":999}},"d7e652":{"start":{"line":234,"column":0},"end":{"line":234,"column":999}},"d7e653":{"start":{"line":234,"column":0},"end":{"line":234,"column":999}},"d7e654":{"start":{"line":235,"column":0},"end":{"line":235,"column":999}},"d7e655":{"start":{"line":235,"column":0},"end":{"line":235,"column":999}},"d7e656":{"start":{"line":235,"column":0},"end":{"line":235,"column":999}},"d7e657":{"start":{"line":236,"column":0},"end":{"line":236,"column":999}},"d7e658":{"start":{"line":236,"column":0},"end":{"line":236,"column":999}},"d7e659":{"start":{"line":236,"column":0},"end":{"line":236,"column":999}},"d7e660":{"start":{"line":237,"column":0},"end":{"line":237,"column":999}},"d7e661":{"start":{"line":237,"column":0},"end":{"line":237,"column":999}},"d7e662":{"start":{"line":237,"column":0},"end":{"line":237,"column":999}},"d7e663":{"start":{"line":238,"column":0},"end":{"line":238,"column":999}},"d7e664":{"start":{"line":238,"column":0},"end":{"line":238,"column":999}},"d7e665":{"start":{"line":238,"column":0},"end":{"line":238,"column":999}},"d7e666":{"start":{"line":239,"column":0},"end":{"line":239,"column":999}},"d7e667":{"start":{"line":239,"column":0},"end":{"line":239,"column":999}},"d7e668":{"start":{"line":239,"column":0},"end":{"line":239,"column":999}},"d7e669":{"start":{"line":240,"column":0},"end":{"line":240,"column":999}},"d7e670":{"start":{"line":241,"column":0},"end":{"line":241,"column":999}},"d7e671":{"start":{"line":241,"column":0},"end":{"line":241,"column":999}},"d7e672":{"start":{"line":241,"column":0},"end":{"line":241,"column":999}},"d7e673":{"start":{"line":242,"column":0},"end":{"line":242,"column":999}},"d7e674":{"start":{"line":242,"column":0},"end":{"line":242,"column":999}},"d7e675":{"start":{"line":242,"column":0},"end":{"line":242,"column":999}},"d7e676":{"start":{"line":243,"column":0},"end":{"line":243,"column":999}},"d7e677":{"start":{"line":243,"column":0},"end":{"line":243,"column":999}},"d7e678":{"start":{"line":243,"column":0},"end":{"line":243,"column":999}},"d7e679":{"start":{"line":244,"column":0},"end":{"line":244,"column":999}},"d7e680":{"start":{"line":244,"column":0},"end":{"line":244,"column":999}},"d7e681":{"start":{"line":244,"column":0},"end":{"line":244,"column":999}},"d7e682":{"start":{"line":245,"column":0},"end":{"line":245,"column":999}},"d7e683":{"start":{"line":245,"column":0},"end":{"line":245,"column":999}},"d7e684":{"start":{"line":245,"column":0},"end":{"line":245,"column":999}},"d7e685":{"start":{"line":246,"column":0},"end":{"line":246,"column":999}},"d7e686":{"start":{"line":247,"column":0},"end":{"line":247,"column":999}},"d7e687":{"start":{"line":248,"column":0},"end":{"line":248,"column":999}},"d7e688":{"start":{"line":248,"column":0},"end":{"line":248,"column":999}},"d7e689":{"start":{"line":248,"column":0},"end":{"line":248,"column":999}},"d7e690":{"start":{"line":249,"column":0},"end":{"line":249,"column":999}},"d7e691":{"start":{"line":249,"column":0},"end":{"line":249,"column":999}},"d7e692":{"start":{"line":249,"column":0},"end":{"line":249,"column":999}},"d7e693":{"start":{"line":249,"column":0},"end":{"line":249,"column":999}},"d7e694":{"start":{"line":249,"column":0},"end":{"line":249,"column":999}},"d7e695":{"start":{"line":250,"column":0},"end":{"line":250,"column":999}},"d7e696":{"start":{"line":250,"column":0},"end":{"line":250,"column":999}},"d7e697":{"start":{"line":250,"column":0},"end":{"line":250,"column":999}},"d7e698":{"start":{"line":251,"column":0},"end":{"line":251,"column":999}},"d7e699":{"start":{"line":251,"column":0},"end":{"line":251,"column":999}},"d7e700":{"start":{"line":251,"column":0},"end":{"line":251,"column":999}},"d7e701":{"start":{"line":252,"column":0},"end":{"line":252,"column":999}},"d7e702":{"start":{"line":252,"column":0},"end":{"line":252,"column":999}},"d7e703":{"start":{"line":252,"column":0},"end":{"line":252,"column":999}},"d7e704":{"start":{"line":253,"column":0},"end":{"line":253,"column":999}},"d7e705":{"start":{"line":253,"column":0},"end":{"line":253,"column":999}},"d7e706":{"start":{"line":253,"column":0},"end":{"line":253,"column":999}},"d7e707":{"start":{"line":254,"column":0},"end":{"line":254,"column":999}},"d7e708":{"start":{"line":254,"column":0},"end":{"line":254,"column":999}},"d7e709":{"start":{"line":254,"column":0},"end":{"line":254,"column":999}},"d7e710":{"start":{"line":255,"column":0},"end":{"line":255,"column":999}},"d7e711":{"start":{"line":255,"column":0},"end":{"line":255,"column":999}},"d7e712":{"start":{"line":255,"column":0},"end":{"line":255,"column":999}},"d7e713":{"start":{"line":256,"column":0},"end":{"line":256,"column":999}},"d7e714":{"start":{"line":256,"column":0},"end":{"line":256,"column":999}},"d7e715":{"start":{"line":256,"column":0},"end":{"line":256,"column":999}},"d7e716":{"start":{"line":257,"column":0},"end":{"line":257,"column":999}},"d7e717":{"start":{"line":257,"column":0},"end":{"line":257,"column":999}},"d7e718":{"start":{"line":257,"column":0},"end":{"line":257,"column":999}},"d7e719":{"start":{"line":258,"column":0},"end":{"line":258,"column":999}},"d7e720":{"start":{"line":259,"column":0},"end":{"line":259,"column":999}},"d7e721":{"start":{"line":259,"column":0},"end":{"line":259,"column":999}},"d7e722":{"start":{"line":259,"column":0},"end":{"line":259,"column":999}},"d7e723":{"start":{"line":260,"column":0},"end":{"line":260,"column":999}},"d7e724":{"start":{"line":260,"column":0},"end":{"line":260,"column":999}},"d7e725":{"start":{"line":260,"column":0},"end":{"line":260,"column":999}},"d7e726":{"start":{"line":261,"column":0},"end":{"line":261,"column":999}},"d7e727":{"start":{"line":261,"column":0},"end":{"line":261,"column":999}},"d7e728":{"start":{"line":261,"column":0},"end":{"line":261,"column":999}},"d7e729":{"start":{"line":262,"column":0},"end":{"line":262,"column":999}},"d7e730":{"start":{"line":263,"column":0},"end":{"line":263,"column":999}},"d7e731":{"start":{"line":263,"column":0},"end":{"line":263,"column":999}},"d7e732":{"start":{"line":263,"column":0},"end":{"line":263,"column":999}},"d7e733":{"start":{"line":264,"column":0},"end":{"line":264,"column":999}},"d7e734":{"start":{"line":264,"column":0},"end":{"line":264,"column":999}},"d7e735":{"start":{"line":264,"column":0},"end":{"line":264,"column":999}},"d7e736":{"start":{"line":265,"column":0},"end":{"line":265,"column":999}},"d7e737":{"start":{"line":265,"column":0},"end":{"line":265,"column":999}},"d7e738":{"start":{"line":265,"column":0},"end":{"line":265,"column":999}},"d7e739":{"start":{"line":265,"column":0},"end":{"line":265,"column":999}},"d7e740":{"start":{"line":265,"column":0},"end":{"line":265,"column":999}},"d7e741":{"start":{"line":266,"column":0},"end":{"line":266,"column":999}},"d7e742":{"start":{"line":266,"column":0},"end":{"line":266,"column":999}},"d7e743":{"start":{"line":266,"column":0},"end":{"line":266,"column":999}},"d7e744":{"start":{"line":267,"column":0},"end":{"line":267,"column":999}},"d7e745":{"start":{"line":268,"column":0},"end":{"line":268,"column":999}},"d7e746":{"start":{"line":269,"column":0},"end":{"line":269,"column":999}},"d7e747":{"start":{"line":269,"column":0},"end":{"line":269,"column":999}},"d7e748":{"start":{"line":269,"column":0},"end":{"line":269,"column":999}},"d7e749":{"start":{"line":270,"column":0},"end":{"line":270,"column":999}},"d7e750":{"start":{"line":270,"column":0},"end":{"line":270,"column":999}},"d7e751":{"start":{"line":270,"column":0},"end":{"line":270,"column":999}},"d7e752":{"start":{"line":271,"column":0},"end":{"line":271,"column":999}},"d7e753":{"start":{"line":271,"column":0},"end":{"line":271,"column":999}},"d7e754":{"start":{"line":271,"column":0},"end":{"line":271,"column":999}},"d7e755":{"start":{"line":272,"column":0},"end":{"line":272,"column":999}},"d7e756":{"start":{"line":272,"column":0},"end":{"line":272,"column":999}},"d7e757":{"start":{"line":272,"column":0},"end":{"line":272,"column":999}},"d7e758":{"start":{"line":272,"column":0},"end":{"line":272,"column":999}},"d7e759":{"start":{"line":272,"column":0},"end":{"line":272,"column":999}},"d7e760":{"start":{"line":273,"column":0},"end":{"line":273,"column":999}},"d7e761":{"start":{"line":273,"column":0},"end":{"line":273,"column":999}},"d7e762":{"start":{"line":273,"column":0},"end":{"line":273,"column":999}},"d7e763":{"start":{"line":274,"column":0},"end":{"line":274,"column":999}},"d7e764":{"start":{"line":274,"column":0},"end":{"line":274,"column":999}},"d7e765":{"start":{"line":274,"column":0},"end":{"line":274,"column":999}},"d7e766":{"start":{"line":275,"column":0},"end":{"line":275,"column":999}},"d7e767":{"start":{"line":275,"column":0},"end":{"line":275,"column":999}},"d7e768":{"start":{"line":275,"column":0},"end":{"line":275,"column":999}},"d7e769":{"start":{"line":276,"column":0},"end":{"line":276,"column":999}},"d7e770":{"start":{"line":276,"column":0},"end":{"line":276,"column":999}},"d7e771":{"start":{"line":276,"column":0},"end":{"line":276,"column":999}},"d7e772":{"start":{"line":277,"column":0},"end":{"line":277,"column":999}},"d7e773":{"start":{"line":277,"column":0},"end":{"line":277,"column":999}},"d7e774":{"start":{"line":277,"column":0},"end":{"line":277,"column":999}},"d7e775":{"start":{"line":278,"column":0},"end":{"line":278,"column":999}},"d7e776":{"start":{"line":278,"column":0},"end":{"line":278,"column":999}},"d7e777":{"start":{"line":278,"column":0},"end":{"line":278,"column":999}},"d7e778":{"start":{"line":279,"column":0},"end":{"line":279,"column":999}},"d7e779":{"start":{"line":280,"column":0},"end":{"line":280,"column":999}},"d7e780":{"start":{"line":280,"column":0},"end":{"line":280,"column":999}},"d7e781":{"start":{"line":280,"column":0},"end":{"line":280,"column":999}},"d7e782":{"start":{"line":281,"column":0},"end":{"line":281,"column":999}},"d7e783":{"start":{"line":281,"column":0},"end":{"line":281,"column":999}},"d7e784":{"start":{"line":281,"column":0},"end":{"line":281,"column":999}},"d7e785":{"start":{"line":282,"column":0},"end":{"line":282,"column":999}},"d7e786":{"start":{"line":282,"column":0},"end":{"line":282,"column":999}},"d7e787":{"start":{"line":282,"column":0},"end":{"line":282,"column":999}},"d7e788":{"start":{"line":283,"column":0},"end":{"line":283,"column":999}},"d7e789":{"start":{"line":283,"column":0},"end":{"line":283,"column":999}},"d7e790":{"start":{"line":283,"column":0},"end":{"line":283,"column":999}},"d7e791":{"start":{"line":283,"column":0},"end":{"line":283,"column":999}},"d7e792":{"start":{"line":283,"column":0},"end":{"line":283,"column":999}},"d7e793":{"start":{"line":284,"column":0},"end":{"line":284,"column":999}},"d7e794":{"start":{"line":284,"column":0},"end":{"line":284,"column":999}},"d7e795":{"start":{"line":284,"column":0},"end":{"line":284,"column":999}},"d7e796":{"start":{"line":285,"column":0},"end":{"line":285,"column":999}},"d7e797":{"start":{"line":285,"column":0},"end":{"line":285,"column":999}},"d7e798":{"start":{"line":285,"column":0},"end":{"line":285,"column":999}},"d7e799":{"start":{"line":286,"column":0},"end":{"line":286,"column":999}},"d7e800":{"start":{"line":286,"column":0},"end":{"line":286,"column":999}},"d7e801":{"start":{"line":286,"column":0},"end":{"line":286,"column":999}},"d7e802":{"start":{"line":287,"column":0},"end":{"line":287,"column":999}},"d7e803":{"start":{"line":287,"column":0},"end":{"line":287,"column":999}},"d7e804":{"start":{"line":287,"column":0},"end":{"line":287,"column":999}},"d7e805":{"start":{"line":288,"column":0},"end":{"line":288,"column":999}},"d7e806":{"start":{"line":288,"column":0},"end":{"line":288,"column":999}},"d7e807":{"start":{"line":288,"column":0},"end":{"line":288,"column":999}},"d7e808":{"start":{"line":289,"column":0},"end":{"line":289,"column":999}},"d7e809":{"start":{"line":289,"column":0},"end":{"line":289,"column":999}},"d7e810":{"start":{"line":289,"column":0},"end":{"line":289,"column":999}},"d7e811":{"start":{"line":290,"column":0},"end":{"line":290,"column":999}},"d7e812":{"start":{"line":291,"column":0},"end":{"line":291,"column":999}},"d7e813":{"start":{"line":292,"column":0},"end":{"line":292,"column":999}},"d7e814":{"start":{"line":292,"column":0},"end":{"line":292,"column":999}},"d7e815":{"start":{"line":292,"column":0},"end":{"line":292,"column":999}},"d7e816":{"start":{"line":293,"column":0},"end":{"line":293,"column":999}},"d7e817":{"start":{"line":294,"column":0},"end":{"line":294,"column":999}},"d7e818":{"start":{"line":294,"column":0},"end":{"line":294,"column":999}},"d7e819":{"start":{"line":294,"column":0},"end":{"line":294,"column":999}},"d7e820":{"start":{"line":295,"column":0},"end":{"line":295,"column":999}},"d7e821":{"start":{"line":295,"column":0},"end":{"line":295,"column":999}},"d7e822":{"start":{"line":295,"column":0},"end":{"line":295,"column":999}},"d7e823":{"start":{"line":296,"column":0},"end":{"line":296,"column":999}},"d7e824":{"start":{"line":296,"column":0},"end":{"line":296,"column":999}},"d7e825":{"start":{"line":296,"column":0},"end":{"line":296,"column":999}},"d7e826":{"start":{"line":297,"column":0},"end":{"line":297,"column":999}},"d7e827":{"start":{"line":297,"column":0},"end":{"line":297,"column":999}},"d7e828":{"start":{"line":297,"column":0},"end":{"line":297,"column":999}},"d7e829":{"start":{"line":297,"column":0},"end":{"line":297,"column":999}},"d7e830":{"start":{"line":297,"column":0},"end":{"line":297,"column":999}},"d7e831":{"start":{"line":298,"column":0},"end":{"line":298,"column":999}},"d7e832":{"start":{"line":298,"column":0},"end":{"line":298,"column":999}},"d7e833":{"start":{"line":298,"column":0},"end":{"line":298,"column":999}},"d7e834":{"start":{"line":299,"column":0},"end":{"line":299,"column":999}},"d7e835":{"start":{"line":299,"column":0},"end":{"line":299,"column":999}},"d7e836":{"start":{"line":299,"column":0},"end":{"line":299,"column":999}},"d7e837":{"start":{"line":300,"column":0},"end":{"line":300,"column":999}},"d7e838":{"start":{"line":300,"column":0},"end":{"line":300,"column":999}},"d7e839":{"start":{"line":300,"column":0},"end":{"line":300,"column":999}},"d7e840":{"start":{"line":301,"column":0},"end":{"line":301,"column":999}},"d7e841":{"start":{"line":301,"column":0},"end":{"line":301,"column":999}},"d7e842":{"start":{"line":301,"column":0},"end":{"line":301,"column":999}},"d7e843":{"start":{"line":302,"column":0},"end":{"line":302,"column":999}},"d7e844":{"start":{"line":302,"column":0},"end":{"line":302,"column":999}},"d7e845":{"start":{"line":302,"column":0},"end":{"line":302,"column":999}},"d7e846":{"start":{"line":303,"column":0},"end":{"line":303,"column":999}},"d7e847":{"start":{"line":303,"column":0},"end":{"line":303,"column":999}},"d7e848":{"start":{"line":303,"column":0},"end":{"line":303,"column":999}},"d7e849":{"start":{"line":304,"column":0},"end":{"line":304,"column":999}},"d7e850":{"start":{"line":304,"column":0},"end":{"line":304,"column":999}},"d7e851":{"start":{"line":304,"column":0},"end":{"line":304,"column":999}},"d7e852":{"start":{"line":305,"column":0},"end":{"line":305,"column":999}},"d7e853":{"start":{"line":305,"column":0},"end":{"line":305,"column":999}},"d7e854":{"start":{"line":305,"column":0},"end":{"line":305,"column":999}},"d7e855":{"start":{"line":306,"column":0},"end":{"line":306,"column":999}},"d7e856":{"start":{"line":306,"column":0},"end":{"line":306,"column":999}},"d7e857":{"start":{"line":306,"column":0},"end":{"line":306,"column":999}},"d7e858":{"start":{"line":307,"column":0},"end":{"line":307,"column":999}},"d7e859":{"start":{"line":307,"column":0},"end":{"line":307,"column":999}},"d7e860":{"start":{"line":307,"column":0},"end":{"line":307,"column":999}},"d7e861":{"start":{"line":308,"column":0},"end":{"line":308,"column":999}},"d7e862":{"start":{"line":309,"column":0},"end":{"line":309,"column":999}},"d7e863":{"start":{"line":309,"column":0},"end":{"line":309,"column":999}},"d7e864":{"start":{"line":309,"column":0},"end":{"line":309,"column":999}},"d7e865":{"start":{"line":310,"column":0},"end":{"line":310,"column":999}},"d7e866":{"start":{"line":310,"column":0},"end":{"line":310,"column":999}},"d7e867":{"start":{"line":310,"column":0},"end":{"line":310,"column":999}},"d7e868":{"start":{"line":311,"column":0},"end":{"line":311,"column":999}},"d7e869":{"start":{"line":311,"column":0},"end":{"line":311,"column":999}},"d7e870":{"start":{"line":311,"column":0},"end":{"line":311,"column":999}},"d7e871":{"start":{"line":312,"column":0},"end":{"line":312,"column":999}},"d7e872":{"start":{"line":312,"column":0},"end":{"line":312,"column":999}},"d7e873":{"start":{"line":312,"column":0},"end":{"line":312,"column":999}},"d7e874":{"start":{"line":312,"column":0},"end":{"line":312,"column":999}},"d7e875":{"start":{"line":312,"column":0},"end":{"line":312,"column":999}},"d7e876":{"start":{"line":313,"column":0},"end":{"line":313,"column":999}},"d7e877":{"start":{"line":313,"column":0},"end":{"line":313,"column":999}},"d7e878":{"start":{"line":313,"column":0},"end":{"line":313,"column":999}},"d7e879":{"start":{"line":314,"column":0},"end":{"line":314,"column":999}},"d7e880":{"start":{"line":314,"column":0},"end":{"line":314,"column":999}},"d7e881":{"start":{"line":314,"column":0},"end":{"line":314,"column":999}},"d7e882":{"start":{"line":315,"column":0},"end":{"line":315,"column":999}},"d7e883":{"start":{"line":315,"column":0},"end":{"line":315,"column":999}},"d7e884":{"start":{"line":315,"column":0},"end":{"line":315,"column":999}},"d7e885":{"start":{"line":316,"column":0},"end":{"line":316,"column":999}},"d7e886":{"start":{"line":317,"column":0},"end":{"line":317,"column":999}},"d7e887":{"start":{"line":317,"column":0},"end":{"line":317,"column":999}},"d7e888":{"start":{"line":317,"column":0},"end":{"line":317,"column":999}},"d7e889":{"start":{"line":318,"column":0},"end":{"line":318,"column":999}},"d7e890":{"start":{"line":318,"column":0},"end":{"line":318,"column":999}},"d7e891":{"start":{"line":318,"column":0},"end":{"line":318,"column":999}},"d7e892":{"start":{"line":319,"column":0},"end":{"line":319,"column":999}},"d7e893":{"start":{"line":319,"column":0},"end":{"line":319,"column":999}},"d7e894":{"start":{"line":319,"column":0},"end":{"line":319,"column":999}},"d7e895":{"start":{"line":320,"column":0},"end":{"line":320,"column":999}},"d7e896":{"start":{"line":320,"column":0},"end":{"line":320,"column":999}},"d7e897":{"start":{"line":320,"column":0},"end":{"line":320,"column":999}},"d7e898":{"start":{"line":320,"column":0},"end":{"line":320,"column":999}},"d7e899":{"start":{"line":320,"column":0},"end":{"line":320,"column":999}},"d7e900":{"start":{"line":321,"column":0},"end":{"line":321,"column":999}},"d7e901":{"start":{"line":321,"column":0},"end":{"line":321,"column":999}},"d7e902":{"start":{"line":321,"column":0},"end":{"line":321,"column":999}},"d7e903":{"start":{"line":322,"column":0},"end":{"line":322,"column":999}},"d7e904":{"start":{"line":322,"column":0},"end":{"line":322,"column":999}},"d7e905":{"start":{"line":323,"column":0},"end":{"line":323,"column":999}},"d7e906":{"start":{"line":323,"column":0},"end":{"line":323,"column":999}},"d7e907":{"start":{"line":324,"column":0},"end":{"line":324,"column":999}},"d7e908":{"start":{"line":324,"column":0},"end":{"line":324,"column":999}},"d7e909":{"start":{"line":324,"column":0},"end":{"line":324,"column":999}},"d7e910":{"start":{"line":325,"column":0},"end":{"line":325,"column":999}},"d7e911":{"start":{"line":325,"column":0},"end":{"line":325,"column":999}},"d7e912":{"start":{"line":325,"column":0},"end":{"line":325,"column":999}},"d7e913":{"start":{"line":326,"column":0},"end":{"line":326,"column":999}},"d7e914":{"start":{"line":326,"column":0},"end":{"line":326,"column":999}},"d7e915":{"start":{"line":326,"column":0},"end":{"line":326,"column":999}},"d7e916":{"start":{"line":327,"column":0},"end":{"line":327,"column":999}},"d7e917":{"start":{"line":327,"column":0},"end":{"line":327,"column":999}},"d7e918":{"start":{"line":327,"column":0},"end":{"line":327,"column":999}},"d7e919":{"start":{"line":328,"column":0},"end":{"line":328,"column":999}},"d7e920":{"start":{"line":328,"column":0},"end":{"line":328,"column":999}},"d7e921":{"start":{"line":328,"column":0},"end":{"line":328,"column":999}},"d7e922":{"start":{"line":329,"column":0},"end":{"line":329,"column":999}},"d7e923":{"start":{"line":329,"column":0},"end":{"line":329,"column":999}},"d7e924":{"start":{"line":329,"column":0},"end":{"line":329,"column":999}},"d7e925":{"start":{"line":330,"column":0},"end":{"line":330,"column":999}},"d7e926":{"start":{"line":331,"column":0},"end":{"line":331,"column":999}},"d7e927":{"start":{"line":331,"column":0},"end":{"line":331,"column":999}},"d7e928":{"start":{"line":331,"column":0},"end":{"line":331,"column":999}},"d7e929":{"start":{"line":332,"column":0},"end":{"line":332,"column":999}},"d7e930":{"start":{"line":332,"column":0},"end":{"line":332,"column":999}},"d7e931":{"start":{"line":332,"column":0},"end":{"line":332,"column":999}},"d7e932":{"start":{"line":333,"column":0},"end":{"line":333,"column":999}},"d7e933":{"start":{"line":333,"column":0},"end":{"line":333,"column":999}},"d7e934":{"start":{"line":333,"column":0},"end":{"line":333,"column":999}},"d7e935":{"start":{"line":334,"column":0},"end":{"line":334,"column":999}},"d7e936":{"start":{"line":334,"column":0},"end":{"line":334,"column":999}},"d7e937":{"start":{"line":334,"column":0},"end":{"line":334,"column":999}},"d7e938":{"start":{"line":335,"column":0},"end":{"line":335,"column":999}},"d7e939":{"start":{"line":335,"column":0},"end":{"line":335,"column":999}},"d7e940":{"start":{"line":335,"column":0},"end":{"line":335,"column":999}},"d7e941":{"start":{"line":335,"column":0},"end":{"line":335,"column":999}},"d7e942":{"start":{"line":335,"column":0},"end":{"line":335,"column":999}},"d7e943":{"start":{"line":336,"column":0},"end":{"line":336,"column":999}},"d7e944":{"start":{"line":336,"column":0},"end":{"line":336,"column":999}},"d7e945":{"start":{"line":336,"column":0},"end":{"line":336,"column":999}},"d7e946":{"start":{"line":337,"column":0},"end":{"line":337,"column":999}},"d7e947":{"start":{"line":337,"column":0},"end":{"line":337,"column":999}},"d7e948":{"start":{"line":337,"column":0},"end":{"line":337,"column":999}},"d7e949":{"start":{"line":338,"column":0},"end":{"line":338,"column":999}},"d7e950":{"start":{"line":338,"column":0},"end":{"line":338,"column":999}},"d7e951":{"start":{"line":338,"column":0},"end":{"line":338,"column":999}},"d7e952":{"start":{"line":339,"column":0},"end":{"line":339,"column":999}},"d7e953":{"start":{"line":339,"column":0},"end":{"line":339,"column":999}},"d7e954":{"start":{"line":339,"column":0},"end":{"line":339,"column":999}},"d7e955":{"start":{"line":340,"column":0},"end":{"line":340,"column":999}},"d7e956":{"start":{"line":340,"column":0},"end":{"line":340,"column":999}},"d7e957":{"start":{"line":340,"column":0},"end":{"line":340,"column":999}},"d7e958":{"start":{"line":340,"column":0},"end":{"line":340,"column":999}},"d7e959":{"start":{"line":340,"column":0},"end":{"line":340,"column":999}},"d7e960":{"start":{"line":340,"column":0},"end":{"line":340,"column":999}},"d7e961":{"start":{"line":340,"column":0},"end":{"line":340,"column":999}},"d7e962":{"start":{"line":341,"column":0},"end":{"line":341,"column":999}},"d7e963":{"start":{"line":342,"column":0},"end":{"line":342,"column":999}},"d7e964":{"start":{"line":342,"column":0},"end":{"line":342,"column":999}},"d7e965":{"start":{"line":342,"column":0},"end":{"line":342,"column":999}},"d7e966":{"start":{"line":343,"column":0},"end":{"line":343,"column":999}},"d7e967":{"start":{"line":343,"column":0},"end":{"line":343,"column":999}},"d7e968":{"start":{"line":343,"column":0},"end":{"line":343,"column":999}},"d7e969":{"start":{"line":344,"column":0},"end":{"line":344,"column":999}},"d7e970":{"start":{"line":344,"column":0},"end":{"line":344,"column":999}},"d7e971":{"start":{"line":344,"column":0},"end":{"line":344,"column":999}},"d7e972":{"start":{"line":345,"column":0},"end":{"line":345,"column":999}},"d7e973":{"start":{"line":345,"column":0},"end":{"line":345,"column":999}},"d7e974":{"start":{"line":346,"column":0},"end":{"line":346,"column":999}},"d7e975":{"start":{"line":346,"column":0},"end":{"line":346,"column":999}},"d7e976":{"start":{"line":347,"column":0},"end":{"line":347,"column":999}},"d7e977":{"start":{"line":347,"column":0},"end":{"line":347,"column":999}},"d7e978":{"start":{"line":347,"column":0},"end":{"line":347,"column":999}},"d7e979":{"start":{"line":348,"column":0},"end":{"line":348,"column":999}},"d7e980":{"start":{"line":348,"column":0},"end":{"line":348,"column":999}},"d7e981":{"start":{"line":348,"column":0},"end":{"line":348,"column":999}},"d7e982":{"start":{"line":349,"column":0},"end":{"line":349,"column":999}},"d7e983":{"start":{"line":349,"column":0},"end":{"line":349,"column":999}},"d7e984":{"start":{"line":349,"column":0},"end":{"line":349,"column":999}},"d7e985":{"start":{"line":350,"column":0},"end":{"line":350,"column":999}},"d7e986":{"start":{"line":350,"column":0},"end":{"line":350,"column":999}},"d7e987":{"start":{"line":350,"column":0},"end":{"line":350,"column":999}},"d7e988":{"start":{"line":351,"column":0},"end":{"line":351,"column":999}},"d7e989":{"start":{"line":351,"column":0},"end":{"line":351,"column":999}},"d7e990":{"start":{"line":351,"column":0},"end":{"line":351,"column":999}},"d7e991":{"start":{"line":352,"column":0},"end":{"line":352,"column":999}},"d7e992":{"start":{"line":352,"column":0},"end":{"line":352,"column":999}},"d7e993":{"start":{"line":352,"column":0},"end":{"line":352,"column":999}},"d7e994":{"start":{"line":353,"column":0},"end":{"line":353,"column":999}},"d7e995":{"start":{"line":353,"column":0},"end":{"line":353,"column":999}},"d7e996":{"start":{"line":353,"column":0},"end":{"line":353,"column":999}},"d7e997":{"start":{"line":354,"column":0},"end":{"line":354,"column":999}},"d7e998":{"start":{"line":354,"column":0},"end":{"line":354,"column":999}},"d7e999":{"start":{"line":354,"column":0},"end":{"line":354,"column":999}},"d7e1000":{"start":{"line":355,"column":0},"end":{"line":355,"column":999}},"d7e1001":{"start":{"line":355,"column":0},"end":{"line":355,"column":999}},"d7e1002":{"start":{"line":355,"column":0},"end":{"line":355,"column":999}},"d7e1003":{"start":{"line":356,"column":0},"end":{"line":356,"column":999}},"d7e1004":{"start":{"line":357,"column":0},"end":{"line":357,"column":999}},"d7e1005":{"start":{"line":357,"column":0},"end":{"line":357,"column":999}},"d7e1006":{"start":{"line":357,"column":0},"end":{"line":357,"column":999}},"d7e1007":{"start":{"line":358,"column":0},"end":{"line":358,"column":999}},"d7e1008":{"start":{"line":358,"column":0},"end":{"line":358,"column":999}},"d7e1009":{"start":{"line":358,"column":0},"end":{"line":358,"column":999}},"d7e1010":{"start":{"line":359,"column":0},"end":{"line":359,"column":999}},"d7e1011":{"start":{"line":359,"column":0},"end":{"line":359,"column":999}},"d7e1012":{"start":{"line":359,"column":0},"end":{"line":359,"column":999}},"d7e1013":{"start":{"line":360,"column":0},"end":{"line":360,"column":999}},"d7e1014":{"start":{"line":360,"column":0},"end":{"line":360,"column":999}},"d7e1015":{"start":{"line":360,"column":0},"end":{"line":360,"column":999}},"d7e1016":{"start":{"line":361,"column":0},"end":{"line":361,"column":999}},"d7e1017":{"start":{"line":362,"column":0},"end":{"line":362,"column":999}},"d7e1018":{"start":{"line":362,"column":0},"end":{"line":362,"column":999}},"d7e1019":{"start":{"line":362,"column":0},"end":{"line":362,"column":999}},"d7e1020":{"start":{"line":363,"column":0},"end":{"line":363,"column":999}},"d7e1021":{"start":{"line":363,"column":0},"end":{"line":363,"column":999}},"d7e1022":{"start":{"line":363,"column":0},"end":{"line":363,"column":999}},"d7e1023":{"start":{"line":364,"column":0},"end":{"line":364,"column":999}},"d7e1024":{"start":{"line":364,"column":0},"end":{"line":364,"column":999}},"d7e1025":{"start":{"line":364,"column":0},"end":{"line":364,"column":999}},"d7e1026":{"start":{"line":365,"column":0},"end":{"line":365,"column":999}},"d7e1027":{"start":{"line":365,"column":0},"end":{"line":365,"column":999}},"d7e1028":{"start":{"line":365,"column":0},"end":{"line":365,"column":999}},"d7e1029":{"start":{"line":366,"column":0},"end":{"line":366,"column":999}},"d7e1030":{"start":{"line":366,"column":0},"end":{"line":366,"column":999}},"d7e1031":{"start":{"line":366,"column":0},"end":{"line":366,"column":999}},"d7e1032":{"start":{"line":367,"column":0},"end":{"line":367,"column":999}},"d7e1033":{"start":{"line":367,"column":0},"end":{"line":367,"column":999}},"d7e1034":{"start":{"line":367,"column":0},"end":{"line":367,"column":999}},"d7e1035":{"start":{"line":368,"column":0},"end":{"line":368,"column":999}},"d7e1036":{"start":{"line":368,"column":0},"end":{"line":368,"column":999}},"d7e1037":{"start":{"line":368,"column":0},"end":{"line":368,"column":999}},"d7e1038":{"start":{"line":369,"column":0},"end":{"line":369,"column":999}},"d7e1039":{"start":{"line":369,"column":0},"end":{"line":369,"column":999}},"d7e1040":{"start":{"line":369,"column":0},"end":{"line":369,"column":999}},"d7e1041":{"start":{"line":370,"column":0},"end":{"line":370,"column":999}},"d7e1042":{"start":{"line":370,"column":0},"end":{"line":370,"column":999}},"d7e1043":{"start":{"line":370,"column":0},"end":{"line":370,"column":999}},"d7e1044":{"start":{"line":371,"column":0},"end":{"line":371,"column":999}},"d7e1045":{"start":{"line":371,"column":0},"end":{"line":371,"column":999}},"d7e1046":{"start":{"line":371,"column":0},"end":{"line":371,"column":999}},"d7e1047":{"start":{"line":372,"column":0},"end":{"line":372,"column":999}},"d7e1048":{"start":{"line":372,"column":0},"end":{"line":372,"column":999}},"d7e1049":{"start":{"line":372,"column":0},"end":{"line":372,"column":999}},"d7e1050":{"start":{"line":373,"column":0},"end":{"line":373,"column":999}},"d7e1051":{"start":{"line":373,"column":0},"end":{"line":373,"column":999}},"d7e1052":{"start":{"line":373,"column":0},"end":{"line":373,"column":999}},"d7e1053":{"start":{"line":374,"column":0},"end":{"line":374,"column":999}},"d7e1054":{"start":{"line":374,"column":0},"end":{"line":374,"column":999}},"d7e1055":{"start":{"line":374,"column":0},"end":{"line":374,"column":999}},"d7e1056":{"start":{"line":375,"column":0},"end":{"line":375,"column":999}},"d7e1057":{"start":{"line":375,"column":0},"end":{"line":375,"column":999}},"d7e1058":{"start":{"line":375,"column":0},"end":{"line":375,"column":999}},"d7e1059":{"start":{"line":376,"column":0},"end":{"line":376,"column":999}},"d7e1060":{"start":{"line":376,"column":0},"end":{"line":376,"column":999}},"d7e1061":{"start":{"line":376,"column":0},"end":{"line":376,"column":999}},"d7e1062":{"start":{"line":377,"column":0},"end":{"line":377,"column":999}},"d7e1063":{"start":{"line":378,"column":0},"end":{"line":378,"column":999}},"d7e1064":{"start":{"line":378,"column":0},"end":{"line":378,"column":999}},"d7e1065":{"start":{"line":378,"column":0},"end":{"line":378,"column":999}},"d7e1066":{"start":{"line":379,"column":0},"end":{"line":379,"column":999}},"d7e1067":{"start":{"line":379,"column":0},"end":{"line":379,"column":999}},"d7e1068":{"start":{"line":379,"column":0},"end":{"line":379,"column":999}},"d7e1069":{"start":{"line":380,"column":0},"end":{"line":380,"column":999}},"d7e1070":{"start":{"line":380,"column":0},"end":{"line":380,"column":999}},"d7e1071":{"start":{"line":380,"column":0},"end":{"line":380,"column":999}},"d7e1072":{"start":{"line":381,"column":0},"end":{"line":381,"column":999}},"d7e1073":{"start":{"line":381,"column":0},"end":{"line":381,"column":999}},"d7e1074":{"sta
[...]
ne":616,"column":0},"end":{"line":616,"column":999}},"d7e1759":{"start":{"line":616,"column":0},"end":{"line":616,"column":999}},"d7e1760":{"start":{"line":616,"column":0},"end":{"line":616,"column":999}},"d7e1761":{"start":{"line":617,"column":0},"end":{"line":617,"column":999}},"d7e1762":{"start":{"line":617,"column":0},"end":{"line":617,"column":999}},"d7e1763":{"start":{"line":617,"column":0},"end":{"line":617,"column":999}},"d7e1764":{"start":{"line":618,"column":0},"end":{"line":618,"column":999}},"d7e1765":{"start":{"line":618,"column":0},"end":{"line":618,"column":999}},"d7e1766":{"start":{"line":618,"column":0},"end":{"line":618,"column":999}},"d7e1767":{"start":{"line":619,"column":0},"end":{"line":619,"column":999}},"d7e1768":{"start":{"line":619,"column":0},"end":{"line":619,"column":999}},"d7e1769":{"start":{"line":619,"column":0},"end":{"line":619,"column":999}},"d7e1770":{"start":{"line":620,"column":0},"end":{"line":620,"column":999}},"d7e1771":{"start":{"line":620,"column":0},"end":{"line":620,"column":999}},"d7e1772":{"start":{"line":620,"column":0},"end":{"line":620,"column":999}},"d7e1773":{"start":{"line":621,"column":0},"end":{"line":621,"column":999}},"d7e1774":{"start":{"line":621,"column":0},"end":{"line":621,"column":999}},"d7e1775":{"start":{"line":621,"column":0},"end":{"line":621,"column":999}},"d7e1776":{"start":{"line":622,"column":0},"end":{"line":622,"column":999}},"d7e1777":{"start":{"line":622,"column":0},"end":{"line":622,"column":999}},"d7e1778":{"start":{"line":622,"column":0},"end":{"line":622,"column":999}},"d7e1779":{"start":{"line":623,"column":0},"end":{"line":623,"column":999}},"d7e1780":{"start":{"line":623,"column":0},"end":{"line":623,"column":999}},"d7e1781":{"start":{"line":623,"column":0},"end":{"line":623,"column":999}},"d7e1782":{"start":{"line":624,"column":0},"end":{"line":624,"column":999}},"d7e1783":{"start":{"line":624,"column":0},"end":{"line":624,"column":999}},"d7e1784":{"start":{"line":624,"column":0},"end":{"line":624,"column":999}},"d7e1785":{"start":{"line":625,"column":0},"end":{"line":625,"column":999}},"d7e1786":{"start":{"line":625,"column":0},"end":{"line":625,"column":999}},"d7e1787":{"start":{"line":626,"column":0},"end":{"line":626,"column":999}},"d7e1788":{"start":{"line":626,"column":0},"end":{"line":626,"column":999}},"d7e1789":{"start":{"line":627,"column":0},"end":{"line":627,"column":999}},"d7e1790":{"start":{"line":627,"column":0},"end":{"line":627,"column":999}},"d7e1791":{"start":{"line":627,"column":0},"end":{"line":627,"column":999}},"d7e1792":{"start":{"line":627,"column":0},"end":{"line":627,"column":999}},"d7e1793":{"start":{"line":627,"column":0},"end":{"line":627,"column":999}},"d7e1794":{"start":{"line":628,"column":0},"end":{"line":628,"column":999}},"d7e1795":{"start":{"line":628,"column":0},"end":{"line":628,"column":999}},"d7e1796":{"start":{"line":628,"column":0},"end":{"line":628,"column":999}},"d7e1797":{"start":{"line":629,"column":0},"end":{"line":629,"column":999}},"d7e1798":{"start":{"line":629,"column":0},"end":{"line":629,"column":999}},"d7e1799":{"start":{"line":629,"column":0},"end":{"line":629,"column":999}},"d7e1800":{"start":{"line":630,"column":0},"end":{"line":630,"column":999}},"d7e1801":{"start":{"line":630,"column":0},"end":{"line":630,"column":999}},"d7e1802":{"start":{"line":630,"column":0},"end":{"line":630,"column":999}},"d7e1803":{"start":{"line":631,"column":0},"end":{"line":631,"column":999}},"d7e1804":{"start":{"line":631,"column":0},"end":{"line":631,"column":999}},"d7e1805":{"start":{"line":631,"column":0},"end":{"line":631,"column":999}},"d7e1806":{"start":{"line":632,"column":0},"end":{"line":632,"column":999}},"d7e1807":{"start":{"line":632,"column":0},"end":{"line":632,"column":999}},"d7e1808":{"start":{"line":632,"column":0},"end":{"line":632,"column":999}},"d7e1809":{"start":{"line":633,"column":0},"end":{"line":633,"column":999}},"d7e1810":{"start":{"line":633,"column":0},"end":{"line":633,"column":999}},"d7e1811":{"start":{"line":633,"column":0},"end":{"line":633,"column":999}},"d7e1812":{"start":{"line":634,"column":0},"end":{"line":634,"column":999}},"d7e1813":{"start":{"line":634,"column":0},"end":{"line":634,"column":999}},"d7e1814":{"start":{"line":635,"column":0},"end":{"line":635,"column":999}},"d7e1815":{"start":{"line":635,"column":0},"end":{"line":635,"column":999}},"d7e1816":{"start":{"line":636,"column":0},"end":{"line":636,"column":999}},"d7e1817":{"start":{"line":636,"column":0},"end":{"line":636,"column":999}},"d7e1818":{"start":{"line":636,"column":0},"end":{"line":636,"column":999}},"d7e1819":{"start":{"line":637,"column":0},"end":{"line":637,"column":999}},"d7e1820":{"start":{"line":637,"column":0},"end":{"line":637,"column":999}},"d7e1821":{"start":{"line":637,"column":0},"end":{"line":637,"column":999}},"d7e1822":{"start":{"line":637,"column":0},"end":{"line":637,"column":999}},"d7e1823":{"start":{"line":637,"column":0},"end":{"line":637,"column":999}},"d7e1824":{"start":{"line":638,"column":0},"end":{"line":638,"column":999}},"d7e1825":{"start":{"line":638,"column":0},"end":{"line":638,"column":999}},"d7e1826":{"start":{"line":638,"column":0},"end":{"line":638,"column":999}},"d7e1827":{"start":{"line":639,"column":0},"end":{"line":639,"column":999}},"d7e1828":{"start":{"line":639,"column":0},"end":{"line":639,"column":999}},"d7e1829":{"start":{"line":639,"column":0},"end":{"line":639,"column":999}},"d7e1830":{"start":{"line":640,"column":0},"end":{"line":640,"column":999}},"d7e1831":{"start":{"line":640,"column":0},"end":{"line":640,"column":999}},"d7e1832":{"start":{"line":640,"column":0},"end":{"line":640,"column":999}},"d7e1833":{"start":{"line":641,"column":0},"end":{"line":641,"column":999}},"d7e1834":{"start":{"line":641,"column":0},"end":{"line":641,"column":999}},"d7e1835":{"start":{"line":641,"column":0},"end":{"line":641,"column":999}},"d7e1836":{"start":{"line":642,"column":0},"end":{"line":642,"column":999}},"d7e1837":{"start":{"line":642,"column":0},"end":{"line":642,"column":999}},"d7e1838":{"start":{"line":642,"column":0},"end":{"line":642,"column":999}},"d7e1839":{"start":{"line":643,"column":0},"end":{"line":643,"column":999}},"d7e1840":{"start":{"line":643,"column":0},"end":{"line":643,"column":999}},"d7e1841":{"start":{"line":643,"column":0},"end":{"line":643,"column":999}},"d7e1842":{"start":{"line":643,"column":0},"end":{"line":643,"column":999}},"d7e1843":{"start":{"line":643,"column":0},"end":{"line":643,"column":999}},"d7e1844":{"start":{"line":644,"column":0},"end":{"line":644,"column":999}},"d7e1845":{"start":{"line":644,"column":0},"end":{"line":644,"column":999}},"d7e1846":{"start":{"line":644,"column":0},"end":{"line":644,"column":999}},"d7e1847":{"start":{"line":645,"column":0},"end":{"line":645,"column":999}},"d7e1848":{"start":{"line":645,"column":0},"end":{"line":645,"column":999}},"d7e1849":{"start":{"line":645,"column":0},"end":{"line":645,"column":999}},"d7e1850":{"start":{"line":646,"column":0},"end":{"line":646,"column":999}},"d7e1851":{"start":{"line":646,"column":0},"end":{"line":646,"column":999}},"d7e1852":{"start":{"line":646,"column":0},"end":{"line":646,"column":999}},"d7e1853":{"start":{"line":647,"column":0},"end":{"line":647,"column":999}},"d7e1854":{"start":{"line":647,"column":0},"end":{"line":647,"column":999}},"d7e1855":{"start":{"line":647,"column":0},"end":{"line":647,"column":999}},"d7e1856":{"start":{"line":648,"column":0},"end":{"line":648,"column":999}},"d7e1857":{"start":{"line":648,"column":0},"end":{"line":648,"column":999}},"d7e1858":{"start":{"line":648,"column":0},"end":{"line":648,"column":999}},"d7e1859":{"start":{"line":649,"column":0},"end":{"line":649,"column":999}},"d7e1860":{"start":{"line":649,"column":0},"end":{"line":649,"column":999}},"d7e1861":{"start":{"line":649,"column":0},"end":{"line":649,"column":999}},"d7e1862":{"start":{"line":650,"column":0},"end":{"line":650,"column":999}},"d7e1863":{"start":{"line":650,"column":0},"end":{"line":650,"column":999}},"d7e1864":{"start":{"line":650,"column":0},"end":{"line":650,"column":999}},"d7e1865":{"start":{"line":651,"column":0},"end":{"line":651,"column":999}},"d7e1866":{"start":{"line":651,"column":0},"end":{"line":651,"column":999}},"d7e1867":{"start":{"line":651,"column":0},"end":{"line":651,"column":999}},"d7e1868":{"start":{"line":652,"column":0},"end":{"line":652,"column":999}},"d7e1869":{"start":{"line":652,"column":0},"end":{"line":652,"column":999}},"d7e1870":{"start":{"line":652,"column":0},"end":{"line":652,"column":999}},"d7e1871":{"start":{"line":653,"column":0},"end":{"line":653,"column":999}},"d7e1872":{"start":{"line":653,"column":0},"end":{"line":653,"column":999}},"d7e1873":{"start":{"line":653,"column":0},"end":{"line":653,"column":999}},"d7e1874":{"start":{"line":654,"column":0},"end":{"line":654,"column":999}},"d7e1875":{"start":{"line":654,"column":0},"end":{"line":654,"column":999}},"d7e1876":{"start":{"line":654,"column":0},"end":{"line":654,"column":999}},"d7e1877":{"start":{"line":655,"column":0},"end":{"line":655,"column":999}},"d7e1878":{"start":{"line":655,"column":0},"end":{"line":655,"column":999}},"d7e1879":{"start":{"line":655,"column":0},"end":{"line":655,"column":999}},"d7e1880":{"start":{"line":656,"column":0},"end":{"line":656,"column":999}},"d7e1881":{"start":{"line":656,"column":0},"end":{"line":656,"column":999}},"d7e1882":{"start":{"line":657,"column":0},"end":{"line":657,"column":999}},"d7e1883":{"start":{"line":657,"column":0},"end":{"line":657,"column":999}},"d7e1884":{"start":{"line":658,"column":0},"end":{"line":658,"column":999}},"d7e1885":{"start":{"line":658,"column":0},"end":{"line":658,"column":999}},"d7e1886":{"start":{"line":658,"column":0},"end":{"line":658,"column":999}},"d7e1887":{"start":{"line":659,"column":0},"end":{"line":659,"column":999}},"d7e1888":{"start":{"line":659,"column":0},"end":{"line":659,"column":999}},"d7e1889":{"start":{"line":660,"column":0},"end":{"line":660,"column":999}},"d7e1890":{"start":{"line":660,"column":0},"end":{"line":660,"column":999}},"d7e1891":{"start":{"line":661,"column":0},"end":{"line":661,"column":999}},"d7e1892":{"start":{"line":661,"column":0},"end":{"line":661,"column":999}},"d7e1893":{"start":{"line":661,"column":0},"end":{"line":661,"column":999}},"d7e1894":{"start":{"line":662,"column":0},"end":{"line":662,"column":999}},"d7e1895":{"start":{"line":662,"column":0},"end":{"line":662,"column":999}},"d7e1896":{"start":{"line":662,"column":0},"end":{"line":662,"column":999}},"d7e1897":{"start":{"line":663,"column":0},"end":{"line":663,"column":999}}},"s":{"d7e48":12345,"d7e51":12345,"d7e54":12345,"d7e57":12345,"d7e60":12345,"d7e63":12345,"d7e66":12345,"d7e69":12345,"d7e72":12345,"d7e75":12345,"d7e78":12345,"d7e81":12345,"d7e84":12345,"d7e87":12345,"d7e90":12345,"d7e93":12345,"d7e96":12345,"d7e99":12345,"d7e102":12345,"d7e105":12345,"d7e108":12345,"d7e111":12345,"d7e114":12345,"d7e117":12345,"d7e123":0,"d7e126":0,"d7e127":0,"d7e136":0,"d7e139":0,"d7e140":0,"d7e149":0,"d7e152":0,"d7e161":0,"d7e164":0,"d7e173":0,"d7e176":0,"d7e185":0,"d7e188":0,"d7e194":12345,"d7e197":12345,"d7e200":12345,"d7e201":0,"d7e202":12345,"d7e205":12345,"d7e208":12345,"d7e211":12345,"d7e217":12345,"d7e218":12345,"d7e225":12345,"d7e228":12345,"d7e234":12345,"d7e237":12345,"d7e240":12345,"d7e241":12345,"d7e242":12345,"d7e245":12345,"d7e248":12345,"d7e251":12345,"d7e254":12345,"d7e260":12345,"d7e263":12345,"d7e266":12345,"d7e269":12345,"d7e272":0,"d7e275":12345,"d7e278":12345,"d7e281":12345,"d7e284":12345,"d7e285":12345,"d7e288":12345,"d7e291":12345,"d7e294":12345,"d7e297":12345,"d7e300":12345,"d7e303":12345,"d7e306":12345,"d7e309":12345,"d7e312":0,"d7e315":12345,"d7e318":12345,"d7e324":12345,"d7e327":12345,"d7e330":12345,"d7e333":12345,"d7e336":12345,"d7e339":12345,"d7e340":0,"d7e341":12345,"d7e344":12345,"d7e347":12345,"d7e350":12345,"d7e356":12345,"d7e357":12345,"d7e364":12345,"d7e367":12345,"d7e370":12345,"d7e371":12345,"d7e372":12345,"d7e375":12345,"d7e381":12345,"d7e384":12345,"d7e387":12345,"d7e388":12345,"d7e389":12345,"d7e392":12345,"d7e393":12345,"d7e394":12345,"d7e395":12345,"d7e398":12345,"d7e401":12345,"d7e416":12345,"d7e419":12345,"d7e422":12345,"d7e425":12345,"d7e428":0,"d7e431":12345,"d7e434":12345,"d7e437":12345,"d7e440":12345,"d7e441":12345,"d7e444":12345,"d7e447":12345,"d7e450":12345,"d7e453":12345,"d7e456":12345,"d7e459":12345,"d7e462":12345,"d7e465":12345,"d7e468":0,"d7e471":12345,"d7e474":12345,"d7e480":12345,"d7e483":12345,"d7e486":12345,"d7e489":12345,"d7e490":12345,"d7e493":12345,"d7e496":12345,"d7e497":0,"d7e498":12345,"d7e501":12345,"d7e504":12345,"d7e507":12345,"d7e513":12345,"d7e514":12345,"d7e521":12345,"d7e524":12345,"d7e527":12345,"d7e530":12345,"d7e531":12345,"d7e532":12345,"d7e535":12345,"d7e538":12345,"d7e539":12345,"d7e540":12345,"d7e543":12345,"d7e546":12345,"d7e552":12345,"d7e555":12345,"d7e561":12345,"d7e564":12345,"d7e565":12345,"d7e568":12345,"d7e569":0,"d7e570":12345,"d7e573":12345,"d7e574":0,"d7e575":12345,"d7e578":12345,"d7e581":12345,"d7e582":12345,"d7e585":12345,"d7e588":12345,"d7e591":12345,"d7e594":12345,"d7e597":12345,"d7e600":12345,"d7e603":0,"d7e606":12345,"d7e609":12345,"d7e615":12345,"d7e618":12345,"d7e621":12345,"d7e624":12345,"d7e625":12345,"d7e628":12345,"d7e631":12345,"d7e632":0,"d7e633":12345,"d7e636":12345,"d7e639":12345,"d7e642":12345,"d7e648":12345,"d7e649":12345,"d7e655":12345,"d7e658":12345,"d7e661":12345,"d7e667":12345,"d7e670":12345,"d7e673":12345,"d7e676":12345,"d7e677":12345,"d7e680":12345,"d7e681":0,"d7e682":12345,"d7e685":12345,"d7e686":0,"d7e687":12345,"d7e690":12345,"d7e693":12345,"d7e694":12345,"d7e697":12345,"d7e700":12345,"d7e703":12345,"d7e706":12345,"d7e709":0,"d7e712":12345,"d7e715":12345,"d7e721":12345,"d7e724":12345,"d7e727":12345,"d7e730":12345,"d7e731":12345,"d7e734":12345,"d7e737":12345,"d7e738":0,"d7e739":12345,"d7e742":12345,"d7e745":12345,"d7e748":12345,"d7e754":12345,"d7e755":12345,"d7e762":12345,"d7e765":12345,"d7e771":12345,"d7e774":12345,"d7e780":12345,"d7e783":12345,"d7e786":12345,"d7e789":12345,"d7e792":0,"d7e795":12345,"d7e798":12345,"d7e801":12345,"d7e804":12345,"d7e805":12345,"d7e808":12345,"d7e811":12345,"d7e814":12345,"d7e817":12345,"d7e820":12345,"d7e823":12345,"d7e826":0,"d7e829":12345,"d7e832":12345,"d7e838":12345,"d7e841":12345,"d7e844":12345,"d7e847":12345,"d7e848":12345,"d7e851":12345,"d7e854":12345,"d7e855":0,"d7e856":12345,"d7e859":12345,"d7e862":12345,"d7e865":12345,"d7e871":12345,"d7e872":12345,"d7e878":12345,"d7e881":12345,"d7e884":12345,"d7e887":12345,"d7e888":12345,"d7e889":12345,"d7e892":12345,"d7e898":12345,"d7e901":12345,"d7e904":12345,"d7e907":12345,"d7e908":12345,"d7e911":12345,"d7e914":12345,"d7e917":0,"d7e920":12345,"d7e923":12345,"d7e926":12345,"d7e929":12345,"d7e930":12345,"d7e933":12345,"d7e936":12345,"d7e939":12345,"d7e942":12345,"d7e945":12345,"d7e948":12345,"d7e951":0,"d7e954":12345,"d7e957":12345,"d7e963":12345,"d7e966":12345,"d7e969":12345,"d7e972":12345,"d7e973":12345,"d7e976":12345,"d7e979":12345,"d7e980":0,"d7e981":12345,"d7e984":12345,"d7e987":12345,"d7e990":12345,"d7e996":12345,"d7e997":12345,"d7e1004":12345,"d7e1007":12345,"d7e1008":0,"d7e1009":12345,"d7e1012":12345,"d7e1018":12345,"d7e1021":12345,"d7e1027":12345,"d7e1030":12345,"d7e1033":12345,"d7e1036":12345,"d7e1039":12345,"d7e1040":12345,"d7e1043":12345,"d7e1046":12345,"d7e1049":0,"d7e1052":12345,"d7e1055":12345,"d7e1058":12345,"d7e1061":12345,"d7e1062":12345,"d7e1065":12345,"d7e1068":12345,"d7e1071":12345,"d7e1074":12345,"d7e1077":0,"d7e1080":12345,"d7e1083":12345,"d7e1089":12345,"d7e1092":12345,"d7e1095":12345,"d7e1098":12345,"d7e1099":12345,"d7e1102":12345,"d7e1105":12345,"d7e1106":0,"d7e1107":12345,"d7e1110":12345,"d7e1113":12345,"d7e1116":12345,"d7e1122":12345,"d7e1123":12345,"d7e1126":12345,"d7e1127":12345,"d7e1128":12345,"d7e1134":12345,"d7e1137":12345,"d7e1140":12345,"d7e1143":12345,"d7e1144":12345,"d7e1147":12345,"d7e1150":12345,"d7e1153":0,"d7e1156":12345,"d7e1159":12345,"d7e1162":12345,"d7e1165":0,"d7e1166":0,"d7e1169":0,"d7e1172":0,"d7e1175":0,"d7e1178":0,"d7e1181":0,"d7e1184":0,"d7e1187":0,"d7e1193":0,"d7e1196":0,"d7e1199":0,"d7e1202":12345,"d7e1203":12345,"d7e1206":12345,"d7e1209":12345,"d7e1210":0,"d7e1211":12345,"d7e1214":12345,"d7e1217":12345,"d7e1220":12345,"d7e1226":12345,"d7e1227":12345,"d7e1234":12345,"d7e1237":12345,"d7e1240":12345,"d7e1249":12345,"d7e1250":12345,"d7e1253":12345,"d7e1259":12345,"d7e1262":12345,"d7e1268":12345,"d7e1271":12345,"d7e1272":12345,"d7e1275":12345,"d7e1278":12345,"d7e1281":0,"d7e1284":12345,"d7e1287":12345,"d7e1290":12345,"d7e1293":12345,"d7e1294":12345,"d7e1297":12345,"d7e1300":12345,"d7e1303":12345,"d7e1306":12345,"d7e1309":12345,"d7e1312":12345,"d7e1315":0,"d7e1318":12345,"d7e1321":12345,"d7e1327":12345,"d7e1330":12345,"d7e1333":12345,"d7e1336":12345,"d7e1337":12345,"d7e1340":12345,"d7e1343":12345,"d7e1344":0,"d7e1345":12345,"d7e1348":12345,"d7e1351":12345,"d7e1354":12345,"d7e1360":12345,"d7e1361":12345,"d7e1367":12345,"d7e1370":12345,"d7e1373":12345,"d7e1374":12345,"d7e1375":12345,"d7e1376":12345,"d7e1378":12345,"d7e1381":12345,"d7e1384":12345,"d7e1387":12345,"d7e1388":12345,"d7e1391":12345,"d7e1394":12345,"d7e1397":0,"d7e1400":12345,"d7e1403":12345,"d7e1406":12345,"d7e1409":12345,"d7e1410":12345,"d7e1413":12345,"d7e1416":12345,"d7e1419":12345,"d7e1422":12345,"d7e1425":12345,"d7e1428":12345,"d7e1431":0,"d7e1434":12345,"d7e1437":12345,"d7e1443":12345,"d7e1446":12345,"d7e1449":12345,"d7e1455":12345,"d7e1458":12345,"d7e1461":12345,"d7e1464":12345,"d7e1467":12345,"d7e1470":12345,"d7e1473":12345,"d7e1479":12345,"d7e1482":12345,"d7e1485":0,"d7e1488":12345,"d7e1491":12345,"d7e1494":12345,"d7e1497":12345,"d7e1500":0,"d7e1503":12345,"d7e1506":12345,"d7e1509":12345,"d7e1512":12345,"d7e1515":12345,"d7e1518":12345,"d7e1521":12345,"d7e1524":12345,"d7e1527":12345,"d7e1530":12345,"d7e1533":12345,"d7e1536":12345,"d7e1539":12345,"d7e1542":12345,"d7e1545":12345,"d7e1548":12345,"d7e1551":12345,"d7e1554":12345,"d7e1557":12345,"d7e1560":12345,"d7e1563":12345,"d7e1566":12345,"d7e1569":12345,"d7e1572":12345,"d7e1575":12345,"d7e1578":12345,"d7e1581":12345,"d7e1584":12345,"d7e1587":12345,"d7e1590":12345,"d7e1593":12345,"d7e1596":12345,"d7e1599":12345,"d7e1600":12345,"d7e1603":12345,"d7e1606":12345,"d7e1609":12345,"d7e1612":12345,"d7e1615":12345,"d7e1618":12345,"d7e1621":12345,"d7e1624":0,"d7e1625":0,"d7e1626":0,"d7e1629":12345,"d7e1632":12345,"d7e1635":12345,"d7e1638":12345,"d7e1641":12345,"d7e1644":12345,"d7e1647":12345,"d7e1650":12345,"d7e1653":12345,"d7e1656":0,"d7e1657":0,"d7e1658":0,"d7e1661":12345,"d7e1664":12345,"d7e1667":12345,"d7e1670":0,"d7e1671":0,"d7e1672":0,"d7e1675":12345,"d7e1678":12345,"d7e1681":0,"d7e1682":0,"d7e1683":0,"d7e1686":12345,"d7e1689":12345,"d7e1692":12345,"d7e1695":0,"d7e1696":0,"d7e1697":0,"d7e1700":12345,"d7e1703":12345,"d7e1706":12345,"d7e1709":12345,"d7e1712":12345,"d7e1713":12345,"d7e1716":12345,"d7e1717":12345,"d7e1720":12345,"d7e1723":0,"d7e1724":0,"d7e1725":0,"d7e1728":0,"d7e1729":0,"d7e1730":0,"d7e1733":12345,"d7e1736":12345,"d7e1739":12345,"d7e1742":0,"d7e1743":0,"d7e1744":0,"d7e1747":12345,"d7e1750":12345,"d7e1753":12345,"d7e1756":12345,"d7e1759":12345,"d7e1762":0,"d7e1765":0,"d7e1768":0,"d7e1771":12345,"d7e1774":12345,"d7e1777":12345,"d7e1780":12345,"d7e1783":0,"d7e1786":12345,"d7e1787":12345,"d7e1790":12345,"d7e1791":0,"d7e1792":12345,"d7e1795":12345,"d7e1798":12345,"d7e1801":12345,"d7e1804":12345,"d7e1807":12345,"d7e1810":12345,"d7e1813":12345,"d7e1814":12345,"d7e1817":12345,"d7e1820":12345,"d7e1821":0,"d7e1822":12345,"d7e1825":12345,"d7e1828":12345,"d7e1831":12345,"d7e1834":12345,"d7e1837":12345,"d7e1840":12345,"d7e1841":12345,"d7e1842":12345,"d7e1845":12345,"d7e1848":12345,"d7e1851":12345,"d7e1854":12345,"d7e1857":12345,"d7e1860":12345,"d7e1863":12345,"d7e1866":12345,"d7e1869":12345,"d7e1872":12345,"d7e1875":12345,"d7e1878":12345,"d7e1881":12345,"d7e1882":12345,"d7e1885":12345,"d7e1888":12345,"d7e1889":12345,"d7e1892":12345}}}
